<?xml version="1.0" encoding="UTF-8"?>
<!-- Generated by org.testng.reporters.JUnitXMLReporter -->
<testsuite ignored="0" hostname="DESKTOP-9SGE8AP" failures="0" tests="3" name="Default test" time="34.925" errors="0" timestamp="27 Jul 2021 05:07:45 GMT">
  <testcase classname="tests.VerifyLoginTest" name="verifyLoginWithNoOfUsers" time="14.704"/>
  <testcase classname="tests.VerifyLoginTest" name="verifyLoginWithNoOfUsers" time="4.848"/>
  <testcase classname="tests.VerifyLoginTest" name="verifyLoginWithNoOfUsers" time="5.654"/>
</testsuite> <!-- Default test -->
