<?xml version="1.0" encoding="UTF-8"?>
<!-- Generated by org.testng.reporters.JUnitXMLReporter -->
<testsuite ignored="4" hostname="DESKTOP-9SGE8AP" failures="0" tests="6" name="RegressionTest" time="99.539" errors="0" timestamp="11 Aug 2021 04:45:27 GMT">
  <testcase classname="tests.VerifyLoginTest" name="verifyLoginWithMultipleUsers" time="26.85"/>
  <testcase classname="tests.VerifyLoginTest" name="verifyLoginWithMultipleUsers" time="10.884"/>
  <testcase classname="tests.VerifyLoginTest" name="verifyLoginWithMultipleUsers" time="6.551"/>
  <testcase classname="tests.BookStoreLoginTest" name="loginToBookStorePage" time="8.359"/>
  <testcase classname="tests.AddAndDeleteBookFromCollectionTest" name="addBook" time="6.777"/>
  <testcase classname="tests.AddAndDeleteBookFromCollectionTest" name="deleteBookFromProfile" time="1.476"/>
  <testcase classname="base.BaseClass" name="@BeforeTest beforeTest" time="0.0">
    <ignored/>
  </testcase> <!-- @BeforeTest beforeTest -->
  <testcase classname="base.BaseClass" name="@BeforeTest beforeTest" time="0.0">
    <ignored/>
  </testcase> <!-- @BeforeTest beforeTest -->
  <testcase classname="base.BaseClass" name="@AfterTest afterTest" time="0.0">
    <ignored/>
  </testcase> <!-- @AfterTest afterTest -->
  <testcase classname="base.BaseClass" name="@AfterTest afterTest" time="0.0">
    <ignored/>
  </testcase> <!-- @AfterTest afterTest -->
</testsuite> <!-- RegressionTest -->
