<?xml version="1.0" encoding="UTF-8"?>
<!-- Generated by org.testng.reporters.JUnitXMLReporter -->
<testsuite ignored="4" hostname="DESKTOP-9SGE8AP" failures="0" tests="4" name="RegressionTest" time="52.599" errors="0" timestamp="22 Jul 2021 04:18:56 GMT">
  <testcase classname="tests.BookStoreLoginTest" name="goToBookStoreAppLoginPage" time="24.132"/>
  <testcase classname="tests.BookStoreLoginTest" name="loginToBookStoreApplication" time="2.117"/>
  <testcase classname="tests.AddAndDeleteBookFromCollectionTest" name="addBook" time="14.708"/>
  <testcase classname="tests.AddAndDeleteBookFromCollectionTest" name="deleteBookFromProfile" time="5.125"/>
  <testcase classname="base.BaseClass" name="@BeforeTest beforeTest" time="0.0">
    <ignored/>
  </testcase> <!-- @BeforeTest beforeTest -->
  <testcase classname="base.BaseClass" name="@AfterTest afterTest" time="0.0">
    <ignored/>
  </testcase> <!-- @AfterTest afterTest -->
  <testcase classname="base.BaseClass" name="@AfterSuite tearDown" time="0.0">
    <ignored/>
  </testcase> <!-- @AfterSuite tearDown -->
  <testcase classname="base.BaseClass" name="@BeforeSuite setup" time="0.0">
    <ignored/>
  </testcase> <!-- @BeforeSuite setup -->
</testsuite> <!-- RegressionTest -->
