<?xml version="1.0" encoding="UTF-8"?>
<!-- Generated by org.testng.reporters.JUnitXMLReporter -->
<testsuite ignored="4" hostname="DESKTOP-9SGE8AP" failures="0" tests="2" name="SmokeTest" time="31.118" errors="0" timestamp="27 Jul 2021 05:12:04 GMT">
  <testcase classname="tests.TextBoxTest" name="getTextBoxPage" time="15.922"/>
  <testcase classname="tests.CheckBoxTest" name="getToCheckBoxPage" time="7.765"/>
  <testcase classname="base.BaseClass" name="@BeforeTest beforeTest" time="0.0">
    <ignored/>
  </testcase> <!-- @BeforeTest beforeTest -->
  <testcase classname="base.BaseClass" name="@AfterTest afterTest" time="0.0">
    <ignored/>
  </testcase> <!-- @AfterTest afterTest -->
  <testcase classname="base.BaseClass" name="@AfterSuite tearDown" time="0.0">
    <ignored/>
  </testcase> <!-- @AfterSuite tearDown -->
  <testcase classname="base.BaseClass" name="@BeforeSuite setup" time="0.0">
    <ignored/>
  </testcase> <!-- @BeforeSuite setup -->
</testsuite> <!-- SmokeTest -->
