<?xml version="1.0" encoding="UTF-8"?>
<!-- Generated by org.testng.reporters.JUnitXMLReporter -->
<testsuite ignored="8" hostname="DESKTOP-9SGE8AP" failures="0" tests="5" name="ToolsQAAutomationTest" time="54.472" errors="0" timestamp="19 Jul 2021 17:13:25 GMT">
  <testcase classname="com.toolsqa.automation.tests.ElementsTest" name="getToElementsPage" time="12.778"/>
  <testcase classname="com.toolsqa.automation.tests.AccessLoginPageTest" name="goToBookStoreAppLoginPage" time="5.335"/>
  <testcase classname="com.toolsqa.automation.tests.AccessLoginPageTest" name="loginToBookStoreApplication" time="6.21"/>
  <testcase classname="com.toolsqa.automation.tests.AddAndDeleteBookFromCollectionTest" name="addBook" time="15.356"/>
  <testcase classname="com.toolsqa.automation.tests.AddAndDeleteBookFromCollectionTest" name="deleteBookFromProfile" time="4.52"/>
  <testcase classname="appModules.SignIn_Action" name="@AfterSuite tearDown" time="0.0">
    <ignored/>
  </testcase> <!-- @AfterSuite tearDown -->
  <testcase classname="appModules.SignIn_Action" name="@AfterSuite tearDown" time="0.0">
    <ignored/>
  </testcase> <!-- @AfterSuite tearDown -->
  <testcase classname="appModules.SignIn_Action" name="@BeforeSuite setup" time="0.0">
    <ignored/>
  </testcase> <!-- @BeforeSuite setup -->
  <testcase classname="appModules.SignIn_Action" name="@BeforeSuite setup" time="0.0">
    <ignored/>
  </testcase> <!-- @BeforeSuite setup -->
  <testcase classname="appModules.SignIn_Action" name="@BeforeTest beforeTest" time="0.0">
    <ignored/>
  </testcase> <!-- @BeforeTest beforeTest -->
  <testcase classname="appModules.SignIn_Action" name="@BeforeTest beforeTest" time="0.0">
    <ignored/>
  </testcase> <!-- @BeforeTest beforeTest -->
  <testcase classname="appModules.SignIn_Action" name="@AfterTest afterTest" time="0.0">
    <ignored/>
  </testcase> <!-- @AfterTest afterTest -->
  <testcase classname="appModules.SignIn_Action" name="@AfterTest afterTest" time="0.0">
    <ignored/>
  </testcase> <!-- @AfterTest afterTest -->
</testsuite> <!-- ToolsQAAutomationTest -->
