<?xml version="1.0" encoding="UTF-8"?>
<!-- Generated by org.testng.reporters.JUnitXMLReporter -->
<testsuite ignored="4" hostname="DESKTOP-9SGE8AP" failures="0" tests="4" name="ToolsQATest" time="54.567" errors="0" timestamp="18 Jul 2021 11:49:16 GMT">
  <testcase classname="com.toolsqa.automation.tests.AccessLoginPageTest" name="goToBookStoreAppLoginPage" time="17.984"/>
  <testcase classname="com.toolsqa.automation.tests.AccessLoginPageTest" name="loginToBookStoreApplication" time="4.369"/>
  <testcase classname="com.toolsqa.automation.tests.AddAndDeleteBookFromCollectionTest" name="addBook" time="16.656"/>
  <testcase classname="com.toolsqa.automation.tests.AddAndDeleteBookFromCollectionTest" name="deleteBookFromProfile" time="4.973"/>
  <testcase classname="com.toolsqa.automation.baseclass.LaunchBrowser" name="@AfterTest afterTest" time="0.0">
    <ignored/>
  </testcase> <!-- @AfterTest afterTest -->
  <testcase classname="com.toolsqa.automation.baseclass.LaunchBrowser" name="@BeforeSuite setup" time="0.0">
    <ignored/>
  </testcase> <!-- @BeforeSuite setup -->
  <testcase classname="com.toolsqa.automation.baseclass.LaunchBrowser" name="@BeforeTest beforeTest" time="0.0">
    <ignored/>
  </testcase> <!-- @BeforeTest beforeTest -->
  <testcase classname="com.toolsqa.automation.baseclass.LaunchBrowser" name="@AfterSuite tearDown" time="0.0">
    <ignored/>
  </testcase> <!-- @AfterSuite tearDown -->
</testsuite> <!-- ToolsQATest -->
