<?xml version="1.0" encoding="UTF-8"?>
<!-- Generated by org.testng.reporters.JUnitXMLReporter -->
<testsuite ignored="4" hostname="DESKTOP-9SGE8AP" failures="0" tests="4" name="ToolsQATest" time="61.398" errors="0" timestamp="15 Jul 2021 03:17:37 GMT">
  <testcase classname="com.toolsqa.automation.tests.AccessLoginPageTest" name="goToBookStoreAppLoginPage" time="20.644"/>
  <testcase classname="com.toolsqa.automation.tests.AccessLoginPageTest" name="loginToBookStoreApplication" time="3.382"/>
  <testcase classname="com.toolsqa.automation.tests.AddBookToCollectionTest" name="addBook" time="13.926"/>
  <testcase classname="com.toolsqa.automation.tests.AddBookToCollectionTest" name="deleteBookFromProfile" time="4.904"/>
  <testcase classname="com.toolsqa.automation.baseclass.LaunchBrowser" name="@AfterTest afterTest" time="0.0">
    <ignored/>
  </testcase> <!-- @AfterTest afterTest -->
  <testcase classname="com.toolsqa.automation.baseclass.LaunchBrowser" name="@BeforeSuite setup" time="0.0">
    <ignored/>
  </testcase> <!-- @BeforeSuite setup -->
  <testcase classname="com.toolsqa.automation.baseclass.LaunchBrowser" name="@BeforeTest beforeTest" time="0.0">
    <ignored/>
  </testcase> <!-- @BeforeTest beforeTest -->
  <testcase classname="com.toolsqa.automation.baseclass.LaunchBrowser" name="@AfterSuite tearDown" time="0.0">
    <ignored/>
  </testcase> <!-- @AfterSuite tearDown -->
</testsuite> <!-- ToolsQATest -->
