<?xml version="1.0" encoding="UTF-8"?>
<testng-results ignored="0" total="1" passed="1" failed="0" skipped="0">
  <reporter-output>
  </reporter-output>
  <suite started-at="2021-08-04T02:43:50Z" name="Default suite" finished-at="2021-08-04T02:44:17Z" duration-ms="27008">
    <groups>
      <group name="smoke">
        <method signature="TextBoxTest.getTextBoxPage()[pri:0, instance:tests.TextBoxTest@15bcf458]" name="getTextBoxPage" class="tests.TextBoxTest"/>
      </group> <!-- smoke -->
    </groups>
    <test started-at="2021-08-04T02:43:50Z" name="Default test" finished-at="2021-08-04T02:44:17Z" duration-ms="27008">
      <class name="tests.TextBoxTest">
        <test-method is-config="true" signature="beforeTest(java.lang.String)[pri:0, instance:tests.TextBoxTest@15bcf458]" started-at="2021-08-04T02:43:50Z" name="beforeTest" finished-at="2021-08-04T02:44:02Z" duration-ms="12280" status="PASS">
          <params>
            <param index="0">
              <value>
                <![CDATA[chrome]]>
              </value>
            </param>
          </params>
          <reporter-output>
          </reporter-output>
        </test-method> <!-- beforeTest -->
        <test-method signature="getTextBoxPage()[pri:0, instance:tests.TextBoxTest@15bcf458]" started-at="2021-08-04T02:44:02Z" name="getTextBoxPage" finished-at="2021-08-04T02:44:15Z" duration-ms="13068" status="PASS">
          <reporter-output>
          </reporter-output>
        </test-method> <!-- getTextBoxPage -->
        <test-method is-config="true" signature="afterTest()[pri:0, instance:tests.TextBoxTest@15bcf458]" started-at="2021-08-04T02:44:15Z" name="afterTest" finished-at="2021-08-04T02:44:17Z" duration-ms="1618" status="PASS">
          <reporter-output>
          </reporter-output>
        </test-method> <!-- afterTest -->
      </class> <!-- tests.TextBoxTest -->
    </test> <!-- Default test -->
  </suite> <!-- Default suite -->
</testng-results>
