<?xml version="1.0" encoding="UTF-8"?>
<testng-results ignored="4" total="8" passed="4" failed="0" skipped="0">
  <reporter-output>
  </reporter-output>
  <suite started-at="2021-07-15T03:16:35Z" name="Suite" finished-at="2021-07-15T03:17:36Z" duration-ms="61398">
    <groups>
    </groups>
    <test started-at="2021-07-15T03:16:35Z" name="ToolsQATest" finished-at="2021-07-15T03:17:36Z" duration-ms="61398">
      <class name="com.toolsqa.automation.tests.AccessLoginPageTest">
        <test-method is-config="true" signature="setup()[pri:0, instance:com.toolsqa.automation.tests.AccessLoginPageTest@6c4f9535]" started-at="2021-07-15T03:16:35Z" name="setup" finished-at="2021-07-15T03:16:35Z" duration-ms="366" status="PASS">
          <reporter-output>
          </reporter-output>
        </test-method> <!-- setup -->
        <test-method is-config="true" signature="beforeTest(java.lang.String)[pri:0, instance:com.toolsqa.automation.tests.AccessLoginPageTest@6c4f9535]" started-at="2021-07-15T03:16:35Z" name="beforeTest" finished-at="2021-07-15T03:16:51Z" duration-ms="16303" status="PASS">
          <params>
            <param index="0">
              <value>
                <![CDATA[chrome]]>
              </value>
            </param>
          </params>
          <reporter-output>
          </reporter-output>
        </test-method> <!-- beforeTest -->
        <test-method signature="goToBookStoreAppLoginPage()[pri:1, instance:com.toolsqa.automation.tests.AccessLoginPageTest@6c4f9535]" started-at="2021-07-15T03:16:51Z" name="goToBookStoreAppLoginPage" finished-at="2021-07-15T03:17:12Z" duration-ms="20644" status="PASS">
          <reporter-output>
          </reporter-output>
        </test-method> <!-- goToBookStoreAppLoginPage -->
        <test-method is-config="true" signature="getResult(org.testng.ITestResult)[pri:0, instance:com.toolsqa.automation.tests.AccessLoginPageTest@6c4f9535]" started-at="2021-07-15T03:17:12Z" name="getResult" finished-at="2021-07-15T03:17:12Z" duration-ms="65" status="PASS">
          <params>
            <param index="0">
              <value>
                <![CDATA[[TestResult name=goToBookStoreAppLoginPage status=SUCCESS method=AccessLoginPageTest.goToBookStoreAppLoginPage()[pri:1, instance:com.toolsqa.automation.tests.AccessLoginPageTest@6c4f9535] output={null}]]]>
              </value>
            </param>
          </params>
          <reporter-output>
          </reporter-output>
        </test-method> <!-- getResult -->
        <test-method signature="loginToBookStoreApplication()[pri:2, instance:com.toolsqa.automation.tests.AccessLoginPageTest@6c4f9535]" started-at="2021-07-15T03:17:12Z" name="loginToBookStoreApplication" finished-at="2021-07-15T03:17:16Z" duration-ms="3382" status="PASS">
          <reporter-output>
          </reporter-output>
        </test-method> <!-- loginToBookStoreApplication -->
        <test-method is-config="true" signature="getResult(org.testng.ITestResult)[pri:0, instance:com.toolsqa.automation.tests.AccessLoginPageTest@6c4f9535]" started-at="2021-07-15T03:17:16Z" name="getResult" finished-at="2021-07-15T03:17:16Z" duration-ms="9" status="PASS">
          <params>
            <param index="0">
              <value>
                <![CDATA[[TestResult name=loginToBookStoreApplication status=SUCCESS method=AccessLoginPageTest.loginToBookStoreApplication()[pri:2, instance:com.toolsqa.automation.tests.AccessLoginPageTest@6c4f9535] output={null}]]]>
              </value>
            </param>
          </params>
          <reporter-output>
          </reporter-output>
        </test-method> <!-- getResult -->
        <test-method is-config="true" signature="afterTest()[pri:0, instance:com.toolsqa.automation.tests.AccessLoginPageTest@6c4f9535]" started-at="2021-07-15T03:17:34Z" name="afterTest" finished-at="2021-07-15T03:17:36Z" duration-ms="2036" status="PASS">
          <reporter-output>
          </reporter-output>
        </test-method> <!-- afterTest -->
        <test-method is-config="true" signature="tearDown()[pri:0, instance:com.toolsqa.automation.tests.AccessLoginPageTest@6c4f9535]" started-at="2021-07-15T03:17:37Z" name="tearDown" finished-at="2021-07-15T03:17:38Z" duration-ms="1234" status="PASS">
          <reporter-output>
          </reporter-output>
        </test-method> <!-- tearDown -->
      </class> <!-- com.toolsqa.automation.tests.AccessLoginPageTest -->
      <class name="com.toolsqa.automation.tests.AddBookToCollectionTest">
        <test-method signature="addBook()[pri:3, instance:com.toolsqa.automation.tests.AddBookToCollectionTest@5bd1ceca]" started-at="2021-07-15T03:17:16Z" name="addBook" finished-at="2021-07-15T03:17:29Z" duration-ms="13926" status="PASS">
          <reporter-output>
          </reporter-output>
        </test-method> <!-- addBook -->
        <test-method is-config="true" signature="getResult(org.testng.ITestResult)[pri:0, instance:com.toolsqa.automation.tests.AddBookToCollectionTest@5bd1ceca]" started-at="2021-07-15T03:17:29Z" name="getResult" finished-at="2021-07-15T03:17:30Z" duration-ms="4" status="PASS">
          <params>
            <param index="0">
              <value>
                <![CDATA[[TestResult name=addBook status=SUCCESS method=AddBookToCollectionTest.addBook()[pri:3, instance:com.toolsqa.automation.tests.AddBookToCollectionTest@5bd1ceca] output={null}]]]>
              </value>
            </param>
          </params>
          <reporter-output>
          </reporter-output>
        </test-method> <!-- getResult -->
        <test-method signature="deleteBookFromProfile()[pri:4, instance:com.toolsqa.automation.tests.AddBookToCollectionTest@5bd1ceca]" started-at="2021-07-15T03:17:30Z" name="deleteBookFromProfile" finished-at="2021-07-15T03:17:34Z" duration-ms="4904" status="PASS">
          <reporter-output>
          </reporter-output>
        </test-method> <!-- deleteBookFromProfile -->
        <test-method is-config="true" signature="getResult(org.testng.ITestResult)[pri:0, instance:com.toolsqa.automation.tests.AddBookToCollectionTest@5bd1ceca]" started-at="2021-07-15T03:17:34Z" name="getResult" finished-at="2021-07-15T03:17:34Z" duration-ms="1" status="PASS">
          <params>
            <param index="0">
              <value>
                <![CDATA[[TestResult name=deleteBookFromProfile status=SUCCESS method=AddBookToCollectionTest.deleteBookFromProfile()[pri:4, instance:com.toolsqa.automation.tests.AddBookToCollectionTest@5bd1ceca] output={null}]]]>
              </value>
            </param>
          </params>
          <reporter-output>
          </reporter-output>
        </test-method> <!-- getResult -->
      </class> <!-- com.toolsqa.automation.tests.AddBookToCollectionTest -->
    </test> <!-- ToolsQATest -->
  </suite> <!-- Suite -->
</testng-results>
