<?xml version="1.0" encoding="UTF-8"?>
<testng-results ignored="4" total="10" passed="6" failed="0" skipped="0">
  <reporter-output>
  </reporter-output>
  <suite started-at="2021-08-17T04:18:55Z" name="ToolsQA Test Automation Regression Test" finished-at="2021-08-17T04:19:43Z" duration-ms="47334">
    <groups>
      <group name="Regression">
        <method signature="AddAndDeleteBookFromCollectionTest.addBook()[pri:2, instance:tests.AddAndDeleteBookFromCollectionTest@54e22bdd]" name="addBook" class="tests.AddAndDeleteBookFromCollectionTest"/>
        <method signature="AddAndDeleteBookFromCollectionTest.deleteBookFromProfile()[pri:3, instance:tests.AddAndDeleteBookFromCollectionTest@54e22bdd]" name="deleteBookFromProfile" class="tests.AddAndDeleteBookFromCollectionTest"/>
        <method signature="BookStoreLoginTest.loginToBookStorePage()[pri:1, instance:tests.BookStoreLoginTest@2f4205be]" name="loginToBookStorePage" class="tests.BookStoreLoginTest"/>
        <method signature="VerifyLoginTest.verifyLoginWithMultipleUsers(java.lang.String, java.lang.String, java.lang.String)[pri:0, instance:tests.VerifyLoginTest@3bd418e4]" name="verifyLoginWithMultipleUsers" class="tests.VerifyLoginTest"/>
      </group> <!-- Regression -->
    </groups>
    <test started-at="2021-08-17T04:18:55Z" name="RegressionTest" finished-at="2021-08-17T04:19:43Z" duration-ms="47334">
      <class name="tests.BookStoreLoginTest">
        <test-method is-config="true" signature="beforeTest(java.lang.String)[pri:0, instance:tests.BookStoreLoginTest@2f4205be]" started-at="2021-08-17T04:18:56Z" name="beforeTest" finished-at="2021-08-17T04:19:15Z" duration-ms="18980" status="PASS">
          <params>
            <param index="0">
              <value>
                <![CDATA[chrome]]>
              </value>
            </param>
          </params>
          <reporter-output>
          </reporter-output>
        </test-method> <!-- beforeTest -->
        <test-method signature="loginToBookStorePage()[pri:1, instance:tests.BookStoreLoginTest@2f4205be]" started-at="2021-08-17T04:19:32Z" name="loginToBookStorePage" finished-at="2021-08-17T04:19:36Z" duration-ms="3897" status="PASS">
          <reporter-output>
          </reporter-output>
        </test-method> <!-- loginToBookStorePage -->
        <test-method is-config="true" signature="afterTest()[pri:0, instance:tests.BookStoreLoginTest@2f4205be]" started-at="2021-08-17T04:19:43Z" name="afterTest" finished-at="2021-08-17T04:19:43Z" duration-ms="23" status="PASS">
          <reporter-output>
          </reporter-output>
        </test-method> <!-- afterTest -->
      </class> <!-- tests.BookStoreLoginTest -->
      <class name="tests.AddAndDeleteBookFromCollectionTest">
        <test-method signature="addBook()[pri:2, instance:tests.AddAndDeleteBookFromCollectionTest@54e22bdd]" started-at="2021-08-17T04:19:36Z" name="addBook" finished-at="2021-08-17T04:19:42Z" duration-ms="5884" status="PASS">
          <reporter-output>
          </reporter-output>
        </test-method> <!-- addBook -->
        <test-method signature="deleteBookFromProfile()[pri:3, instance:tests.AddAndDeleteBookFromCollectionTest@54e22bdd]" started-at="2021-08-17T04:19:42Z" name="deleteBookFromProfile" finished-at="2021-08-17T04:19:43Z" duration-ms="1029" status="PASS">
          <reporter-output>
          </reporter-output>
        </test-method> <!-- deleteBookFromProfile -->
      </class> <!-- tests.AddAndDeleteBookFromCollectionTest -->
      <class name="tests.VerifyLoginTest">
        <test-method signature="verifyLoginWithMultipleUsers(java.lang.String, java.lang.String, java.lang.String)[pri:0, instance:tests.VerifyLoginTest@3bd418e4]" started-at="2021-08-17T04:19:15Z" name="verifyLoginWithMultipleUsers" data-provider="logindata-fromcsv" finished-at="2021-08-17T04:19:26Z" duration-ms="10383" status="PASS">
          <params>
            <param index="0">
              <value>
                <![CDATA[joybutta]]>
              </value>
            </param>
            <param index="1">
              <value>
                <![CDATA[Joybutta@123]]>
              </value>
            </param>
            <param index="2">
              <value>
                <![CDATA[true]]>
              </value>
            </param>
          </params>
          <reporter-output>
          </reporter-output>
        </test-method> <!-- verifyLoginWithMultipleUsers -->
        <test-method signature="verifyLoginWithMultipleUsers(java.lang.String, java.lang.String, java.lang.String)[pri:0, instance:tests.VerifyLoginTest@3bd418e4]" started-at="2021-08-17T04:19:26Z" name="verifyLoginWithMultipleUsers" data-provider="logindata-fromcsv" finished-at="2021-08-17T04:19:29Z" duration-ms="2714" status="PASS">
          <params>
            <param index="0">
              <value>
                <![CDATA[sam]]>
              </value>
            </param>
            <param index="1">
              <value>
                <![CDATA[Sam@123]]>
              </value>
            </param>
            <param index="2">
              <value>
                <![CDATA[false]]>
              </value>
            </param>
          </params>
          <reporter-output>
          </reporter-output>
        </test-method> <!-- verifyLoginWithMultipleUsers -->
        <test-method signature="verifyLoginWithMultipleUsers(java.lang.String, java.lang.String, java.lang.String)[pri:0, instance:tests.VerifyLoginTest@3bd418e4]" started-at="2021-08-17T04:19:29Z" name="verifyLoginWithMultipleUsers" data-provider="logindata-fromcsv" finished-at="2021-08-17T04:19:32Z" duration-ms="3180" status="PASS">
          <params>
            <param index="0">
              <value>
                <![CDATA[ritu]]>
              </value>
            </param>
            <param index="1">
              <value>
                <![CDATA[Ritu@123]]>
              </value>
            </param>
            <param index="2">
              <value>
                <![CDATA[true]]>
              </value>
            </param>
          </params>
          <reporter-output>
          </reporter-output>
        </test-method> <!-- verifyLoginWithMultipleUsers -->
      </class> <!-- tests.VerifyLoginTest -->
    </test> <!-- RegressionTest -->
  </suite> <!-- ToolsQA Test Automation Regression Test -->
</testng-results>
