<?xml version="1.0" encoding="UTF-8"?>
<testng-results ignored="0" total="2" passed="2" failed="0" skipped="0">
  <reporter-output>
  </reporter-output>
  <suite started-at="2021-07-12T04:20:14Z" name="Suite" finished-at="2021-07-12T04:20:35Z" duration-ms="20953">
    <groups>
    </groups>
    <test started-at="2021-07-12T04:20:14Z" name="ToolsQATest" finished-at="2021-07-12T04:20:35Z" duration-ms="20953">
      <class name="com.toolsqa.automation.tests.AccessLoginPageTest">
        <test-method is-config="true" signature="setup()[pri:0, instance:com.toolsqa.automation.tests.AccessLoginPageTest@31500940]" started-at="2021-07-12T04:20:14Z" name="setup" finished-at="2021-07-12T04:20:14Z" duration-ms="234" status="PASS">
          <reporter-output>
          </reporter-output>
        </test-method> <!-- setup -->
        <test-method is-config="true" signature="beforeTest(java.lang.String)[pri:0, instance:com.toolsqa.automation.tests.AccessLoginPageTest@31500940]" started-at="2021-07-12T04:20:14Z" name="beforeTest" finished-at="2021-07-12T04:20:21Z" duration-ms="7501" status="PASS">
          <params>
            <param index="0">
              <value>
                <![CDATA[chrome]]>
              </value>
            </param>
          </params>
          <reporter-output>
          </reporter-output>
        </test-method> <!-- beforeTest -->
        <test-method signature="goToBookStoreAppLoginPage()[pri:1, instance:com.toolsqa.automation.tests.AccessLoginPageTest@31500940]" started-at="2021-07-12T04:20:21Z" name="goToBookStoreAppLoginPage" finished-at="2021-07-12T04:20:31Z" duration-ms="9752" status="PASS">
          <reporter-output>
          </reporter-output>
        </test-method> <!-- goToBookStoreAppLoginPage -->
        <test-method is-config="true" signature="getResult(org.testng.ITestResult)[pri:0, instance:com.toolsqa.automation.tests.AccessLoginPageTest@31500940]" started-at="2021-07-12T04:20:31Z" name="getResult" finished-at="2021-07-12T04:20:31Z" duration-ms="30" status="PASS">
          <params>
            <param index="0">
              <value>
                <![CDATA[[TestResult name=goToBookStoreAppLoginPage status=SUCCESS method=AccessLoginPageTest.goToBookStoreAppLoginPage()[pri:1, instance:com.toolsqa.automation.tests.AccessLoginPageTest@31500940] output={null}]]]>
              </value>
            </param>
          </params>
          <reporter-output>
          </reporter-output>
        </test-method> <!-- getResult -->
        <test-method signature="loginToBookStoreApplication()[pri:2, instance:com.toolsqa.automation.tests.AccessLoginPageTest@31500940]" started-at="2021-07-12T04:20:31Z" name="loginToBookStoreApplication" finished-at="2021-07-12T04:20:34Z" duration-ms="2776" status="PASS">
          <reporter-output>
          </reporter-output>
        </test-method> <!-- loginToBookStoreApplication -->
        <test-method is-config="true" signature="getResult(org.testng.ITestResult)[pri:0, instance:com.toolsqa.automation.tests.AccessLoginPageTest@31500940]" started-at="2021-07-12T04:20:34Z" name="getResult" finished-at="2021-07-12T04:20:34Z" duration-ms="3" status="PASS">
          <params>
            <param index="0">
              <value>
                <![CDATA[[TestResult name=loginToBookStoreApplication status=SUCCESS method=AccessLoginPageTest.loginToBookStoreApplication()[pri:2, instance:com.toolsqa.automation.tests.AccessLoginPageTest@31500940] output={null}]]]>
              </value>
            </param>
          </params>
          <reporter-output>
          </reporter-output>
        </test-method> <!-- getResult -->
        <test-method is-config="true" signature="afterTest()[pri:0, instance:com.toolsqa.automation.tests.AccessLoginPageTest@31500940]" started-at="2021-07-12T04:20:34Z" name="afterTest" finished-at="2021-07-12T04:20:35Z" duration-ms="866" status="PASS">
          <reporter-output>
          </reporter-output>
        </test-method> <!-- afterTest -->
        <test-method is-config="true" signature="tearDown()[pri:0, instance:com.toolsqa.automation.tests.AccessLoginPageTest@31500940]" started-at="2021-07-12T04:20:35Z" name="tearDown" finished-at="2021-07-12T04:20:36Z" duration-ms="665" status="PASS">
          <reporter-output>
          </reporter-output>
        </test-method> <!-- tearDown -->
      </class> <!-- com.toolsqa.automation.tests.AccessLoginPageTest -->
    </test> <!-- ToolsQATest -->
  </suite> <!-- Suite -->
</testng-results>
