<?xml version="1.0" encoding="UTF-8"?>
<testng-results ignored="4" total="10" passed="6" failed="0" skipped="0">
  <reporter-output>
  </reporter-output>
  <suite started-at="2021-08-11T01:52:25Z" name="ToolsQA Test Automation Regression Test" finished-at="2021-08-11T01:53:47Z" duration-ms="81503">
    <groups>
      <group name="Regression">
        <method signature="AddAndDeleteBookFromCollectionTest.addBook()[pri:2, instance:tests.AddAndDeleteBookFromCollectionTest@54e22bdd]" name="addBook" class="tests.AddAndDeleteBookFromCollectionTest"/>
        <method signature="AddAndDeleteBookFromCollectionTest.deleteBookFromProfile()[pri:3, instance:tests.AddAndDeleteBookFromCollectionTest@54e22bdd]" name="deleteBookFromProfile" class="tests.AddAndDeleteBookFromCollectionTest"/>
        <method signature="BookStoreLoginTest.goToBookStoreAppLoginPage()[pri:1, instance:tests.BookStoreLoginTest@2f4205be]" name="goToBookStoreAppLoginPage" class="tests.BookStoreLoginTest"/>
        <method signature="VerifyLoginTest.verifyLoginWithMultipleUsers(java.lang.String, java.lang.String, java.lang.String)[pri:0, instance:tests.VerifyLoginTest@3bd418e4]" name="verifyLoginWithMultipleUsers" class="tests.VerifyLoginTest"/>
      </group> <!-- Regression -->
    </groups>
    <test started-at="2021-08-11T01:52:25Z" name="RegressionTest" finished-at="2021-08-11T01:53:47Z" duration-ms="81503">
      <class name="tests.BookStoreLoginTest">
        <test-method is-config="true" signature="beforeTest(java.lang.String)[pri:0, instance:tests.BookStoreLoginTest@2f4205be]" started-at="2021-08-11T01:52:26Z" name="beforeTest" finished-at="2021-08-11T01:52:54Z" duration-ms="27991" status="PASS">
          <params>
            <param index="0">
              <value>
                <![CDATA[chrome]]>
              </value>
            </param>
          </params>
          <reporter-output>
          </reporter-output>
        </test-method> <!-- beforeTest -->
        <test-method signature="goToBookStoreAppLoginPage()[pri:1, instance:tests.BookStoreLoginTest@2f4205be]" started-at="2021-08-11T01:53:32Z" name="goToBookStoreAppLoginPage" finished-at="2021-08-11T01:53:39Z" duration-ms="7351" status="PASS">
          <reporter-output>
          </reporter-output>
        </test-method> <!-- goToBookStoreAppLoginPage -->
        <test-method is-config="true" signature="afterTest()[pri:0, instance:tests.BookStoreLoginTest@2f4205be]" started-at="2021-08-11T01:53:46Z" name="afterTest" finished-at="2021-08-11T01:53:47Z" duration-ms="487" status="PASS">
          <reporter-output>
          </reporter-output>
        </test-method> <!-- afterTest -->
      </class> <!-- tests.BookStoreLoginTest -->
      <class name="tests.AddAndDeleteBookFromCollectionTest">
        <test-method signature="addBook()[pri:2, instance:tests.AddAndDeleteBookFromCollectionTest@54e22bdd]" started-at="2021-08-11T01:53:39Z" name="addBook" finished-at="2021-08-11T01:53:45Z" duration-ms="6434" status="PASS">
          <reporter-output>
          </reporter-output>
        </test-method> <!-- addBook -->
        <test-method signature="deleteBookFromProfile()[pri:3, instance:tests.AddAndDeleteBookFromCollectionTest@54e22bdd]" started-at="2021-08-11T01:53:45Z" name="deleteBookFromProfile" finished-at="2021-08-11T01:53:46Z" duration-ms="1054" status="PASS">
          <reporter-output>
          </reporter-output>
        </test-method> <!-- deleteBookFromProfile -->
      </class> <!-- tests.AddAndDeleteBookFromCollectionTest -->
      <class name="tests.VerifyLoginTest">
        <test-method signature="verifyLoginWithMultipleUsers(java.lang.String, java.lang.String, java.lang.String)[pri:0, instance:tests.VerifyLoginTest@3bd418e4]" started-at="2021-08-11T01:52:54Z" name="verifyLoginWithMultipleUsers" data-provider="logindata-fromcsv" finished-at="2021-08-11T01:53:15Z" duration-ms="20967" status="PASS">
          <params>
            <param index="0">
              <value>
                <![CDATA[joybutta]]>
              </value>
            </param>
            <param index="1">
              <value>
                <![CDATA[Joybutta@123]]>
              </value>
            </param>
            <param index="2">
              <value>
                <![CDATA[true]]>
              </value>
            </param>
          </params>
          <reporter-output>
          </reporter-output>
        </test-method> <!-- verifyLoginWithMultipleUsers -->
        <test-method signature="verifyLoginWithMultipleUsers(java.lang.String, java.lang.String, java.lang.String)[pri:0, instance:tests.VerifyLoginTest@3bd418e4]" started-at="2021-08-11T01:53:15Z" name="verifyLoginWithMultipleUsers" data-provider="logindata-fromcsv" finished-at="2021-08-11T01:53:27Z" duration-ms="11533" status="PASS">
          <params>
            <param index="0">
              <value>
                <![CDATA[sam]]>
              </value>
            </param>
            <param index="1">
              <value>
                <![CDATA[Sam@123]]>
              </value>
            </param>
            <param index="2">
              <value>
                <![CDATA[false]]>
              </value>
            </param>
          </params>
          <reporter-output>
          </reporter-output>
        </test-method> <!-- verifyLoginWithMultipleUsers -->
        <test-method signature="verifyLoginWithMultipleUsers(java.lang.String, java.lang.String, java.lang.String)[pri:0, instance:tests.VerifyLoginTest@3bd418e4]" started-at="2021-08-11T01:53:27Z" name="verifyLoginWithMultipleUsers" data-provider="logindata-fromcsv" finished-at="2021-08-11T01:53:32Z" duration-ms="4646" status="PASS">
          <params>
            <param index="0">
              <value>
                <![CDATA[ritu]]>
              </value>
            </param>
            <param index="1">
              <value>
                <![CDATA[Ritu@123]]>
              </value>
            </param>
            <param index="2">
              <value>
                <![CDATA[true]]>
              </value>
            </param>
          </params>
          <reporter-output>
          </reporter-output>
        </test-method> <!-- verifyLoginWithMultipleUsers -->
      </class> <!-- tests.VerifyLoginTest -->
    </test> <!-- RegressionTest -->
  </suite> <!-- ToolsQA Test Automation Regression Test -->
</testng-results>
