<?xml version="1.0" encoding="UTF-8"?>
<testng-results ignored="12" total="20" passed="8" failed="0" skipped="0">
  <reporter-output>
  </reporter-output>
  <suite started-at="2021-07-27T05:11:32Z" name="Suite" finished-at="2021-07-27T05:12:53Z" duration-ms="81439">
    <groups>
      <group name="smoke">
        <method signature="CheckBoxTest.getToCheckBoxPage()[pri:0, instance:tests.CheckBoxTest@5bd1ceca]" name="getToCheckBoxPage" class="tests.CheckBoxTest"/>
        <method signature="TextBoxTest.getTextBoxPage()[pri:0, instance:tests.TextBoxTest@6c4f9535]" name="getTextBoxPage" class="tests.TextBoxTest"/>
      </group> <!-- smoke -->
    </groups>
    <test started-at="2021-07-27T05:11:32Z" name="SmokeTest" finished-at="2021-07-27T05:12:03Z" duration-ms="31118">
      <class name="tests.TextBoxTest">
        <test-method is-config="true" signature="beforeTest(java.lang.String)[pri:0, instance:tests.TextBoxTest@6c4f9535]" started-at="2021-07-27T05:11:32Z" name="beforeTest" finished-at="2021-07-27T05:11:38Z" duration-ms="5669" status="PASS">
          <params>
            <param index="0">
              <value>
                <![CDATA[chrome]]>
              </value>
            </param>
          </params>
          <reporter-output>
          </reporter-output>
        </test-method> <!-- beforeTest -->
        <test-method signature="getTextBoxPage()[pri:0, instance:tests.TextBoxTest@6c4f9535]" started-at="2021-07-27T05:11:38Z" name="getTextBoxPage" finished-at="2021-07-27T05:11:53Z" duration-ms="15922" status="PASS">
          <reporter-output>
          </reporter-output>
        </test-method> <!-- getTextBoxPage -->
        <test-method is-config="true" signature="getResult(org.testng.ITestResult)[pri:0, instance:tests.TextBoxTest@6c4f9535]" started-at="2021-07-27T05:11:53Z" name="getResult" finished-at="2021-07-27T05:11:54Z" duration-ms="26" status="PASS">
          <params>
            <param index="0">
              <value>
                <![CDATA[[TestResult name=getTextBoxPage status=SUCCESS method=TextBoxTest.getTextBoxPage()[pri:0, instance:tests.TextBoxTest@6c4f9535] output={null}]]]>
              </value>
            </param>
          </params>
          <reporter-output>
          </reporter-output>
        </test-method> <!-- getResult -->
        <test-method is-config="true" signature="afterTest()[pri:0, instance:tests.TextBoxTest@6c4f9535]" started-at="2021-07-27T05:12:01Z" name="afterTest" finished-at="2021-07-27T05:12:03Z" duration-ms="1698" status="PASS">
          <reporter-output>
          </reporter-output>
        </test-method> <!-- afterTest -->
      </class> <!-- tests.TextBoxTest -->
      <class name="tests.CheckBoxTest">
        <test-method signature="getToCheckBoxPage()[pri:0, instance:tests.CheckBoxTest@5bd1ceca]" started-at="2021-07-27T05:11:54Z" name="getToCheckBoxPage" finished-at="2021-07-27T05:12:01Z" duration-ms="7765" status="PASS">
          <reporter-output>
          </reporter-output>
        </test-method> <!-- getToCheckBoxPage -->
        <test-method is-config="true" signature="getResult(org.testng.ITestResult)[pri:0, instance:tests.CheckBoxTest@5bd1ceca]" started-at="2021-07-27T05:12:01Z" name="getResult" finished-at="2021-07-27T05:12:01Z" duration-ms="2" status="PASS">
          <params>
            <param index="0">
              <value>
                <![CDATA[[TestResult name=getToCheckBoxPage status=SUCCESS method=CheckBoxTest.getToCheckBoxPage()[pri:0, instance:tests.CheckBoxTest@5bd1ceca] output={null}]]]>
              </value>
            </param>
          </params>
          <reporter-output>
          </reporter-output>
        </test-method> <!-- getResult -->
      </class> <!-- tests.CheckBoxTest -->
    </test> <!-- SmokeTest -->
    <test started-at="2021-07-27T05:12:04Z" name="RegressionTest" finished-at="2021-07-27T05:12:53Z" duration-ms="49482">
      <class name="tests.BookStoreLoginTest">
        <test-method is-config="true" signature="setup()[pri:0, instance:tests.BookStoreLoginTest@31c269fd]" started-at="2021-07-27T05:11:32Z" name="setup" finished-at="2021-07-27T05:11:32Z" duration-ms="216" status="PASS">
          <reporter-output>
          </reporter-output>
        </test-method> <!-- setup -->
        <test-method is-config="true" signature="beforeTest(java.lang.String)[pri:0, instance:tests.BookStoreLoginTest@31c269fd]" started-at="2021-07-27T05:12:04Z" name="beforeTest" finished-at="2021-07-27T05:12:10Z" duration-ms="6295" status="PASS">
          <params>
            <param index="0">
              <value>
                <![CDATA[chrome]]>
              </value>
            </param>
          </params>
          <reporter-output>
          </reporter-output>
        </test-method> <!-- beforeTest -->
        <test-method signature="goToBookStoreAppLoginPage()[pri:1, instance:tests.BookStoreLoginTest@31c269fd]" started-at="2021-07-27T05:12:34Z" name="goToBookStoreAppLoginPage" finished-at="2021-07-27T05:12:42Z" duration-ms="8000" status="PASS">
          <reporter-output>
          </reporter-output>
        </test-method> <!-- goToBookStoreAppLoginPage -->
        <test-method is-config="true" signature="getResult(org.testng.ITestResult)[pri:0, instance:tests.BookStoreLoginTest@31c269fd]" started-at="2021-07-27T05:12:42Z" name="getResult" finished-at="2021-07-27T05:12:42Z" duration-ms="1" status="PASS">
          <params>
            <param index="0">
              <value>
                <![CDATA[[TestResult name=goToBookStoreAppLoginPage status=SUCCESS method=BookStoreLoginTest.goToBookStoreAppLoginPage()[pri:1, instance:tests.BookStoreLoginTest@31c269fd] output={null}]]]>
              </value>
            </param>
          </params>
          <reporter-output>
          </reporter-output>
        </test-method> <!-- getResult -->
        <test-method is-config="true" signature="afterTest()[pri:0, instance:tests.BookStoreLoginTest@31c269fd]" started-at="2021-07-27T05:12:51Z" name="afterTest" finished-at="2021-07-27T05:12:53Z" duration-ms="1900" status="PASS">
          <reporter-output>
          </reporter-output>
        </test-method> <!-- afterTest -->
        <test-method is-config="true" signature="tearDown()[pri:0, instance:tests.BookStoreLoginTest@31c269fd]" started-at="2021-07-27T05:12:53Z" name="tearDown" finished-at="2021-07-27T05:12:55Z" duration-ms="1851" status="PASS">
          <reporter-output>
          </reporter-output>
        </test-method> <!-- tearDown -->
      </class> <!-- tests.BookStoreLoginTest -->
      <class name="tests.AddAndDeleteBookFromCollectionTest">
        <test-method signature="addBook()[pri:2, instance:tests.AddAndDeleteBookFromCollectionTest@372b0d86]" started-at="2021-07-27T05:12:42Z" name="addBook" finished-at="2021-07-27T05:12:50Z" duration-ms="8008" status="PASS">
          <reporter-output>
          </reporter-output>
        </test-method> <!-- addBook -->
        <test-method is-config="true" signature="getResult(org.testng.ITestResult)[pri:0, instance:tests.AddAndDeleteBookFromCollectionTest@372b0d86]" started-at="2021-07-27T05:12:50Z" name="getResult" finished-at="2021-07-27T05:12:50Z" duration-ms="1" status="PASS">
          <params>
            <param index="0">
              <value>
                <![CDATA[[TestResult name=addBook status=SUCCESS method=AddAndDeleteBookFromCollectionTest.addBook()[pri:2, instance:tests.AddAndDeleteBookFromCollectionTest@372b0d86] output={null}]]]>
              </value>
            </param>
          </params>
          <reporter-output>
          </reporter-output>
        </test-method> <!-- getResult -->
        <test-method signature="deleteBookFromProfile()[pri:3, instance:tests.AddAndDeleteBookFromCollectionTest@372b0d86]" started-at="2021-07-27T05:12:50Z" name="deleteBookFromProfile" finished-at="2021-07-27T05:12:51Z" duration-ms="1310" status="PASS">
          <reporter-output>
          </reporter-output>
        </test-method> <!-- deleteBookFromProfile -->
        <test-method is-config="true" signature="getResult(org.testng.ITestResult)[pri:0, instance:tests.AddAndDeleteBookFromCollectionTest@372b0d86]" started-at="2021-07-27T05:12:51Z" name="getResult" finished-at="2021-07-27T05:12:51Z" duration-ms="1" status="PASS">
          <params>
            <param index="0">
              <value>
                <![CDATA[[TestResult name=deleteBookFromProfile status=SUCCESS method=AddAndDeleteBookFromCollectionTest.deleteBookFromProfile()[pri:3, instance:tests.AddAndDeleteBookFromCollectionTest@372b0d86] output={null}]]]>
              </value>
            </param>
          </params>
          <reporter-output>
          </reporter-output>
        </test-method> <!-- getResult -->
      </class> <!-- tests.AddAndDeleteBookFromCollectionTest -->
      <class name="tests.VerifyLoginTest">
        <test-method signature="verifyLoginWithNoOfUsers(java.lang.String, java.lang.String, java.lang.String)[pri:0, instance:tests.VerifyLoginTest@47747fb9]" started-at="2021-07-27T05:12:10Z" name="verifyLoginWithNoOfUsers" data-provider="logindata-fromcsv" finished-at="2021-07-27T05:12:21Z" duration-ms="11188" status="PASS">
          <params>
            <param index="0">
              <value>
                <![CDATA[joybutta]]>
              </value>
            </param>
            <param index="1">
              <value>
                <![CDATA[Joybutta@123]]>
              </value>
            </param>
            <param index="2">
              <value>
                <![CDATA[true]]>
              </value>
            </param>
          </params>
          <reporter-output>
          </reporter-output>
        </test-method> <!-- verifyLoginWithNoOfUsers -->
        <test-method is-config="true" signature="getResult(org.testng.ITestResult)[pri:0, instance:tests.VerifyLoginTest@47747fb9]" started-at="2021-07-27T05:12:21Z" name="getResult" finished-at="2021-07-27T05:12:21Z" duration-ms="1" status="PASS">
          <params>
            <param index="0">
              <value>
                <![CDATA[[TestResult name=verifyLoginWithNoOfUsers status=SUCCESS method=VerifyLoginTest.verifyLoginWithNoOfUsers(java.lang.String, java.lang.String, java.lang.String)[pri:0, instance:tests.VerifyLoginTest@47747fb9] output={null}]]]>
              </value>
            </param>
          </params>
          <reporter-output>
          </reporter-output>
        </test-method> <!-- getResult -->
        <test-method signature="verifyLoginWithNoOfUsers(java.lang.String, java.lang.String, java.lang.String)[pri:0, instance:tests.VerifyLoginTest@47747fb9]" started-at="2021-07-27T05:12:21Z" name="verifyLoginWithNoOfUsers" data-provider="logindata-fromcsv" finished-at="2021-07-27T05:12:27Z" duration-ms="5599" status="PASS">
          <params>
            <param index="0">
              <value>
                <![CDATA[sam]]>
              </value>
            </param>
            <param index="1">
              <value>
                <![CDATA[Sam@123]]>
              </value>
            </param>
            <param index="2">
              <value>
                <![CDATA[false]]>
              </value>
            </param>
          </params>
          <reporter-output>
          </reporter-output>
        </test-method> <!-- verifyLoginWithNoOfUsers -->
        <test-method is-config="true" signature="getResult(org.testng.ITestResult)[pri:0, instance:tests.VerifyLoginTest@47747fb9]" started-at="2021-07-27T05:12:27Z" name="getResult" finished-at="2021-07-27T05:12:27Z" duration-ms="1" status="PASS">
          <params>
            <param index="0">
              <value>
                <![CDATA[[TestResult name=verifyLoginWithNoOfUsers status=SUCCESS method=VerifyLoginTest.verifyLoginWithNoOfUsers(java.lang.String, java.lang.String, java.lang.String)[pri:0, instance:tests.VerifyLoginTest@47747fb9] output={null}]]]>
              </value>
            </param>
          </params>
          <reporter-output>
          </reporter-output>
        </test-method> <!-- getResult -->
        <test-method signature="verifyLoginWithNoOfUsers(java.lang.String, java.lang.String, java.lang.String)[pri:0, instance:tests.VerifyLoginTest@47747fb9]" started-at="2021-07-27T05:12:27Z" name="verifyLoginWithNoOfUsers" data-provider="logindata-fromcsv" finished-at="2021-07-27T05:12:34Z" duration-ms="6991" status="PASS">
          <params>
            <param index="0">
              <value>
                <![CDATA[ritu]]>
              </value>
            </param>
            <param index="1">
              <value>
                <![CDATA[Ritu@123]]>
              </value>
            </param>
            <param index="2">
              <value>
                <![CDATA[true]]>
              </value>
            </param>
          </params>
          <reporter-output>
          </reporter-output>
        </test-method> <!-- verifyLoginWithNoOfUsers -->
        <test-method is-config="true" signature="getResult(org.testng.ITestResult)[pri:0, instance:tests.VerifyLoginTest@47747fb9]" started-at="2021-07-27T05:12:34Z" name="getResult" finished-at="2021-07-27T05:12:34Z" duration-ms="1" status="PASS">
          <params>
            <param index="0">
              <value>
                <![CDATA[[TestResult name=verifyLoginWithNoOfUsers status=SUCCESS method=VerifyLoginTest.verifyLoginWithNoOfUsers(java.lang.String, java.lang.String, java.lang.String)[pri:0, instance:tests.VerifyLoginTest@47747fb9] output={null}]]]>
              </value>
            </param>
          </params>
          <reporter-output>
          </reporter-output>
        </test-method> <!-- getResult -->
      </class> <!-- tests.VerifyLoginTest -->
    </test> <!-- RegressionTest -->
  </suite> <!-- Suite -->
</testng-results>
