<?xml version="1.0" encoding="UTF-8"?>
<testng-results ignored="8" total="13" passed="5" failed="0" skipped="0">
  <reporter-output>
  </reporter-output>
  <suite started-at="2021-08-05T02:28:33Z" name="ToolsQA Test Automation Smoke Test" finished-at="2021-08-05T02:29:04Z" duration-ms="31610">
    <groups>
      <group name="smoke">
        <method signature="CheckBoxTest.getToCheckBoxPage()[pri:0, instance:tests.CheckBoxTest@499b2a5c]" name="getToCheckBoxPage" class="tests.CheckBoxTest"/>
        <method signature="TextBoxTest.getTextBoxPage()[pri:0, instance:tests.TextBoxTest@30c31dd7]" name="getTextBoxPage" class="tests.TextBoxTest"/>
      </group> <!-- smoke -->
    </groups>
    <test started-at="2021-08-05T02:28:33Z" name="SmokeTest" finished-at="2021-08-05T02:29:04Z" duration-ms="31610">
      <class name="tests.WebTablesTest">
        <test-method signature="getWebTablesRecords()[pri:0, instance:tests.WebTablesTest@c1fca1e]" started-at="2021-08-05T02:28:57Z" name="getWebTablesRecords" finished-at="2021-08-05T02:28:59Z" duration-ms="2529" status="PASS">
          <reporter-output>
          </reporter-output>
        </test-method> <!-- getWebTablesRecords -->
      </class> <!-- tests.WebTablesTest -->
      <class name="tests.ButtonsTest">
        <test-method signature="actionsOnButtons()[pri:0, instance:tests.ButtonsTest@241a53ef]" started-at="2021-08-05T02:28:59Z" name="actionsOnButtons" finished-at="2021-08-05T02:29:03Z" duration-ms="3058" status="PASS">
          <reporter-output>
          </reporter-output>
        </test-method> <!-- actionsOnButtons -->
      </class> <!-- tests.ButtonsTest -->
      <class name="tests.TextBoxTest">
        <test-method is-config="true" signature="beforeTest(java.lang.String)[pri:0, instance:tests.TextBoxTest@30c31dd7]" started-at="2021-08-05T02:28:34Z" name="beforeTest" finished-at="2021-08-05T02:28:42Z" duration-ms="8674" status="PASS">
          <params>
            <param index="0">
              <value>
                <![CDATA[chrome]]>
              </value>
            </param>
          </params>
          <reporter-output>
          </reporter-output>
        </test-method> <!-- beforeTest -->
        <test-method signature="getTextBoxPage()[pri:0, instance:tests.TextBoxTest@30c31dd7]" started-at="2021-08-05T02:28:42Z" name="getTextBoxPage" finished-at="2021-08-05T02:28:51Z" duration-ms="8289" status="PASS">
          <reporter-output>
          </reporter-output>
        </test-method> <!-- getTextBoxPage -->
        <test-method is-config="true" signature="afterTest()[pri:0, instance:tests.TextBoxTest@30c31dd7]" started-at="2021-08-05T02:29:03Z" name="afterTest" finished-at="2021-08-05T02:29:04Z" duration-ms="1681" status="PASS">
          <reporter-output>
          </reporter-output>
        </test-method> <!-- afterTest -->
      </class> <!-- tests.TextBoxTest -->
      <class name="tests.CheckBoxTest">
        <test-method signature="getToCheckBoxPage()[pri:0, instance:tests.CheckBoxTest@499b2a5c]" started-at="2021-08-05T02:28:51Z" name="getToCheckBoxPage" finished-at="2021-08-05T02:28:54Z" duration-ms="3822" status="PASS">
          <reporter-output>
          </reporter-output>
        </test-method> <!-- getToCheckBoxPage -->
      </class> <!-- tests.CheckBoxTest -->
      <class name="tests.RadioButtonTest">
        <test-method signature="selectRadioButtons()[pri:0, instance:tests.RadioButtonTest@596df867]" started-at="2021-08-05T02:28:54Z" name="selectRadioButtons" finished-at="2021-08-05T02:28:57Z" duration-ms="2543" status="PASS">
          <reporter-output>
          </reporter-output>
        </test-method> <!-- selectRadioButtons -->
      </class> <!-- tests.RadioButtonTest -->
    </test> <!-- SmokeTest -->
  </suite> <!-- ToolsQA Test Automation Smoke Test -->
</testng-results>
