<?xml version="1.0" encoding="UTF-8"?>
<testng-results ignored="4" total="7" passed="3" failed="0" skipped="0">
  <reporter-output>
  </reporter-output>
  <suite started-at="2021-07-12T08:03:19Z" name="Suite" finished-at="2021-07-12T08:03:41Z" duration-ms="22237">
    <groups>
    </groups>
    <test started-at="2021-07-12T08:03:19Z" name="ToolsQATest" finished-at="2021-07-12T08:03:41Z" duration-ms="22237">
      <class name="com.toolsqa.automation.tests.AccessLoginPageTest">
        <test-method is-config="true" signature="setup()[pri:0, instance:com.toolsqa.automation.tests.AccessLoginPageTest@48e64352]" started-at="2021-07-12T08:03:18Z" name="setup" finished-at="2021-07-12T08:03:19Z" duration-ms="254" status="PASS">
          <reporter-output>
          </reporter-output>
        </test-method> <!-- setup -->
        <test-method is-config="true" signature="beforeTest(java.lang.String)[pri:0, instance:com.toolsqa.automation.tests.AccessLoginPageTest@48e64352]" started-at="2021-07-12T08:03:19Z" name="beforeTest" finished-at="2021-07-12T08:03:22Z" duration-ms="3800" status="PASS">
          <params>
            <param index="0">
              <value>
                <![CDATA[chrome]]>
              </value>
            </param>
          </params>
          <reporter-output>
          </reporter-output>
        </test-method> <!-- beforeTest -->
        <test-method signature="goToBookStoreAppLoginPage()[pri:1, instance:com.toolsqa.automation.tests.AccessLoginPageTest@48e64352]" started-at="2021-07-12T08:03:22Z" name="goToBookStoreAppLoginPage" finished-at="2021-07-12T08:03:35Z" duration-ms="12754" status="PASS">
          <reporter-output>
          </reporter-output>
        </test-method> <!-- goToBookStoreAppLoginPage -->
        <test-method is-config="true" signature="getResult(org.testng.ITestResult)[pri:0, instance:com.toolsqa.automation.tests.AccessLoginPageTest@48e64352]" started-at="2021-07-12T08:03:35Z" name="getResult" finished-at="2021-07-12T08:03:35Z" duration-ms="28" status="PASS">
          <params>
            <param index="0">
              <value>
                <![CDATA[[TestResult name=goToBookStoreAppLoginPage status=SUCCESS method=AccessLoginPageTest.goToBookStoreAppLoginPage()[pri:1, instance:com.toolsqa.automation.tests.AccessLoginPageTest@48e64352] output={null}]]]>
              </value>
            </param>
          </params>
          <reporter-output>
          </reporter-output>
        </test-method> <!-- getResult -->
        <test-method signature="loginToBookStoreApplication()[pri:2, instance:com.toolsqa.automation.tests.AccessLoginPageTest@48e64352]" started-at="2021-07-12T08:03:35Z" name="loginToBookStoreApplication" finished-at="2021-07-12T08:03:38Z" duration-ms="2732" status="PASS">
          <reporter-output>
          </reporter-output>
        </test-method> <!-- loginToBookStoreApplication -->
        <test-method is-config="true" signature="getResult(org.testng.ITestResult)[pri:0, instance:com.toolsqa.automation.tests.AccessLoginPageTest@48e64352]" started-at="2021-07-12T08:03:38Z" name="getResult" finished-at="2021-07-12T08:03:38Z" duration-ms="7" status="PASS">
          <params>
            <param index="0">
              <value>
                <![CDATA[[TestResult name=loginToBookStoreApplication status=SUCCESS method=AccessLoginPageTest.loginToBookStoreApplication()[pri:2, instance:com.toolsqa.automation.tests.AccessLoginPageTest@48e64352] output={null}]]]>
              </value>
            </param>
          </params>
          <reporter-output>
          </reporter-output>
        </test-method> <!-- getResult -->
        <test-method is-config="true" signature="afterTest()[pri:0, instance:com.toolsqa.automation.tests.AccessLoginPageTest@48e64352]" started-at="2021-07-12T08:03:40Z" name="afterTest" finished-at="2021-07-12T08:03:41Z" duration-ms="725" status="PASS">
          <reporter-output>
          </reporter-output>
        </test-method> <!-- afterTest -->
        <test-method is-config="true" signature="tearDown()[pri:0, instance:com.toolsqa.automation.tests.AccessLoginPageTest@48e64352]" started-at="2021-07-12T08:03:41Z" name="tearDown" finished-at="2021-07-12T08:03:42Z" duration-ms="599" status="PASS">
          <reporter-output>
          </reporter-output>
        </test-method> <!-- tearDown -->
      </class> <!-- com.toolsqa.automation.tests.AccessLoginPageTest -->
      <class name="com.toolsqa.automation.tests.AddBookToCollectionTest">
        <test-method signature="addBook()[pri:3, instance:com.toolsqa.automation.tests.AddBookToCollectionTest@7249dadf]" started-at="2021-07-12T08:03:38Z" name="addBook" finished-at="2021-07-12T08:03:40Z" duration-ms="2138" status="PASS">
          <reporter-output>
          </reporter-output>
        </test-method> <!-- addBook -->
        <test-method is-config="true" signature="getResult(org.testng.ITestResult)[pri:0, instance:com.toolsqa.automation.tests.AddBookToCollectionTest@7249dadf]" started-at="2021-07-12T08:03:40Z" name="getResult" finished-at="2021-07-12T08:03:40Z" duration-ms="3" status="PASS">
          <params>
            <param index="0">
              <value>
                <![CDATA[[TestResult name=addBook status=SUCCESS method=AddBookToCollectionTest.addBook()[pri:3, instance:com.toolsqa.automation.tests.AddBookToCollectionTest@7249dadf] output={null}]]]>
              </value>
            </param>
          </params>
          <reporter-output>
          </reporter-output>
        </test-method> <!-- getResult -->
      </class> <!-- com.toolsqa.automation.tests.AddBookToCollectionTest -->
    </test> <!-- ToolsQATest -->
  </suite> <!-- Suite -->
</testng-results>
