<?xml version="1.0" encoding="UTF-8"?>
<testng-results ignored="0" total="1" passed="1" failed="0" skipped="0">
  <reporter-output>
  </reporter-output>
  <suite started-at="2021-07-19T11:53:43Z" name="Default suite" finished-at="2021-07-19T11:54:07Z" duration-ms="23698">
    <groups>
    </groups>
    <test started-at="2021-07-19T11:53:43Z" name="Default test" finished-at="2021-07-19T11:54:07Z" duration-ms="23698">
      <class name="com.toolsqa.automation.tests.ElementsTest">
        <test-method is-config="true" signature="setup()[pri:0, instance:com.toolsqa.automation.tests.ElementsTest@57f791c6]" started-at="2021-07-19T11:53:43Z" name="setup" finished-at="2021-07-19T11:53:43Z" duration-ms="223" status="PASS">
          <reporter-output>
          </reporter-output>
        </test-method> <!-- setup -->
        <test-method is-config="true" signature="beforeTest(java.lang.String)[pri:0, instance:com.toolsqa.automation.tests.ElementsTest@57f791c6]" started-at="2021-07-19T11:53:43Z" name="beforeTest" finished-at="2021-07-19T11:53:49Z" duration-ms="6138" status="PASS">
          <params>
            <param index="0">
              <value>
                <![CDATA[chrome]]>
              </value>
            </param>
          </params>
          <reporter-output>
          </reporter-output>
        </test-method> <!-- beforeTest -->
        <test-method signature="getToElementsPage()[pri:0, instance:com.toolsqa.automation.tests.ElementsTest@57f791c6]" started-at="2021-07-19T11:53:49Z" name="getToElementsPage" finished-at="2021-07-19T11:54:06Z" duration-ms="16163" status="PASS">
          <reporter-output>
          </reporter-output>
        </test-method> <!-- getToElementsPage -->
        <test-method is-config="true" signature="getResult(org.testng.ITestResult)[pri:0, instance:com.toolsqa.automation.tests.ElementsTest@57f791c6]" started-at="2021-07-19T11:54:06Z" name="getResult" finished-at="2021-07-19T11:54:06Z" duration-ms="16" status="PASS">
          <params>
            <param index="0">
              <value>
                <![CDATA[[TestResult name=getToElementsPage status=SUCCESS method=ElementsTest.getToElementsPage()[pri:0, instance:com.toolsqa.automation.tests.ElementsTest@57f791c6] output={null}]]]>
              </value>
            </param>
          </params>
          <reporter-output>
          </reporter-output>
        </test-method> <!-- getResult -->
        <test-method is-config="true" signature="afterTest()[pri:0, instance:com.toolsqa.automation.tests.ElementsTest@57f791c6]" started-at="2021-07-19T11:54:06Z" name="afterTest" finished-at="2021-07-19T11:54:07Z" duration-ms="1345" status="PASS">
          <reporter-output>
          </reporter-output>
        </test-method> <!-- afterTest -->
        <test-method is-config="true" signature="tearDown()[pri:0, instance:com.toolsqa.automation.tests.ElementsTest@57f791c6]" started-at="2021-07-19T11:54:07Z" name="tearDown" finished-at="2021-07-19T11:54:08Z" duration-ms="525" status="PASS">
          <reporter-output>
          </reporter-output>
        </test-method> <!-- tearDown -->
      </class> <!-- com.toolsqa.automation.tests.ElementsTest -->
    </test> <!-- Default test -->
  </suite> <!-- Default suite -->
</testng-results>
