<?xml version="1.0" encoding="UTF-8"?>
<testng-results ignored="0" total="1" passed="1" failed="0" skipped="0">
  <reporter-output>
  </reporter-output>
  <suite started-at="2021-08-04T13:02:23Z" name="Default suite" finished-at="2021-08-04T13:02:48Z" duration-ms="24889">
    <groups>
    </groups>
    <test started-at="2021-08-04T13:02:23Z" name="Default test" finished-at="2021-08-04T13:02:48Z" duration-ms="24889">
      <class name="tests.WebTablesTest">
        <test-method is-config="true" signature="beforeTest(java.lang.String)[pri:0, instance:tests.WebTablesTest@15bcf458]" started-at="2021-08-04T13:02:23Z" name="beforeTest" finished-at="2021-08-04T13:02:32Z" duration-ms="8464" status="PASS">
          <params>
            <param index="0">
              <value>
                <![CDATA[chrome]]>
              </value>
            </param>
          </params>
          <reporter-output>
          </reporter-output>
        </test-method> <!-- beforeTest -->
        <test-method signature="getWebTablesRecords()[pri:0, instance:tests.WebTablesTest@15bcf458]" started-at="2021-08-04T13:02:32Z" name="getWebTablesRecords" finished-at="2021-08-04T13:02:47Z" duration-ms="14998" status="PASS">
          <reporter-output>
          </reporter-output>
        </test-method> <!-- getWebTablesRecords -->
        <test-method is-config="true" signature="afterTest()[pri:0, instance:tests.WebTablesTest@15bcf458]" started-at="2021-08-04T13:02:47Z" name="afterTest" finished-at="2021-08-04T13:02:48Z" duration-ms="1368" status="PASS">
          <reporter-output>
          </reporter-output>
        </test-method> <!-- afterTest -->
      </class> <!-- tests.WebTablesTest -->
    </test> <!-- Default test -->
  </suite> <!-- Default suite -->
</testng-results>
