<?xml version="1.0" encoding="UTF-8"?>
<testng-results ignored="8" total="13" passed="4" failed="1" skipped="0">
  <reporter-output>
  </reporter-output>
  <suite started-at="2021-07-25T04:25:42Z" name="Suite" finished-at="2021-07-25T04:27:57Z" duration-ms="135355">
    <groups>
      <group name="smoke">
        <method signature="CheckBoxTest.getToCheckBoxPage()[pri:0, instance:tests.CheckBoxTest@5bd1ceca]" name="getToCheckBoxPage" class="tests.CheckBoxTest"/>
        <method signature="TextBoxTest.getTextBoxPage()[pri:0, instance:tests.TextBoxTest@6c4f9535]" name="getTextBoxPage" class="tests.TextBoxTest"/>
      </group> <!-- smoke -->
    </groups>
    <test started-at="2021-07-25T04:25:42Z" name="SmokeTest" finished-at="2021-07-25T04:26:58Z" duration-ms="76353">
      <class name="tests.TextBoxTest">
        <test-method is-config="true" signature="beforeTest(java.lang.String)[pri:0, instance:tests.TextBoxTest@6c4f9535]" started-at="2021-07-25T04:25:42Z" name="beforeTest" finished-at="2021-07-25T04:26:14Z" duration-ms="31840" status="PASS">
          <params>
            <param index="0">
              <value>
                <![CDATA[chrome]]>
              </value>
            </param>
          </params>
          <reporter-output>
          </reporter-output>
        </test-method> <!-- beforeTest -->
        <test-method signature="getTextBoxPage()[pri:0, instance:tests.TextBoxTest@6c4f9535]" started-at="2021-07-25T04:26:14Z" name="getTextBoxPage" finished-at="2021-07-25T04:26:47Z" duration-ms="33211" status="PASS">
          <reporter-output>
          </reporter-output>
        </test-method> <!-- getTextBoxPage -->
        <test-method is-config="true" signature="getResult(org.testng.ITestResult)[pri:0, instance:tests.TextBoxTest@6c4f9535]" started-at="2021-07-25T04:26:47Z" name="getResult" finished-at="2021-07-25T04:26:47Z" duration-ms="51" status="PASS">
          <params>
            <param index="0">
              <value>
                <![CDATA[[TestResult name=getTextBoxPage status=SUCCESS method=TextBoxTest.getTextBoxPage()[pri:0, instance:tests.TextBoxTest@6c4f9535] output={null}]]]>
              </value>
            </param>
          </params>
          <reporter-output>
          </reporter-output>
        </test-method> <!-- getResult -->
        <test-method is-config="true" signature="afterTest()[pri:0, instance:tests.TextBoxTest@6c4f9535]" started-at="2021-07-25T04:26:56Z" name="afterTest" finished-at="2021-07-25T04:26:58Z" duration-ms="1879" status="PASS">
          <reporter-output>
          </reporter-output>
        </test-method> <!-- afterTest -->
      </class> <!-- tests.TextBoxTest -->
      <class name="tests.CheckBoxTest">
        <test-method signature="getToCheckBoxPage()[pri:0, instance:tests.CheckBoxTest@5bd1ceca]" started-at="2021-07-25T04:26:47Z" name="getToCheckBoxPage" finished-at="2021-07-25T04:26:56Z" duration-ms="8979" status="PASS">
          <reporter-output>
          </reporter-output>
        </test-method> <!-- getToCheckBoxPage -->
        <test-method is-config="true" signature="getResult(org.testng.ITestResult)[pri:0, instance:tests.CheckBoxTest@5bd1ceca]" started-at="2021-07-25T04:26:56Z" name="getResult" finished-at="2021-07-25T04:26:56Z" duration-ms="3" status="PASS">
          <params>
            <param index="0">
              <value>
                <![CDATA[[TestResult name=getToCheckBoxPage status=SUCCESS method=CheckBoxTest.getToCheckBoxPage()[pri:0, instance:tests.CheckBoxTest@5bd1ceca] output={null}]]]>
              </value>
            </param>
          </params>
          <reporter-output>
          </reporter-output>
        </test-method> <!-- getResult -->
      </class> <!-- tests.CheckBoxTest -->
    </test> <!-- SmokeTest -->
    <test started-at="2021-07-25T04:26:59Z" name="RegressionTest" finished-at="2021-07-25T04:27:57Z" duration-ms="58697">
      <class name="tests.BookStoreLoginTest">
        <test-method is-config="true" signature="setup()[pri:0, instance:tests.BookStoreLoginTest@51684e4a]" started-at="2021-07-25T04:25:42Z" name="setup" finished-at="2021-07-25T04:25:42Z" duration-ms="196" status="PASS">
          <reporter-output>
          </reporter-output>
        </test-method> <!-- setup -->
        <test-method is-config="true" signature="beforeTest(java.lang.String)[pri:0, instance:tests.BookStoreLoginTest@51684e4a]" started-at="2021-07-25T04:26:59Z" name="beforeTest" finished-at="2021-07-25T04:27:12Z" duration-ms="13172" status="PASS">
          <params>
            <param index="0">
              <value>
                <![CDATA[chrome]]>
              </value>
            </param>
          </params>
          <reporter-output>
          </reporter-output>
        </test-method> <!-- beforeTest -->
        <test-method signature="goToBookStoreAppLoginPage()[pri:1, instance:tests.BookStoreLoginTest@51684e4a]" started-at="2021-07-25T04:27:12Z" name="goToBookStoreAppLoginPage" finished-at="2021-07-25T04:27:43Z" duration-ms="31666" status="PASS">
          <reporter-output>
          </reporter-output>
        </test-method> <!-- goToBookStoreAppLoginPage -->
        <test-method is-config="true" signature="getResult(org.testng.ITestResult)[pri:0, instance:tests.BookStoreLoginTest@51684e4a]" started-at="2021-07-25T04:27:43Z" name="getResult" finished-at="2021-07-25T04:27:43Z" duration-ms="1" status="PASS">
          <params>
            <param index="0">
              <value>
                <![CDATA[[TestResult name=goToBookStoreAppLoginPage status=SUCCESS method=BookStoreLoginTest.goToBookStoreAppLoginPage()[pri:1, instance:tests.BookStoreLoginTest@51684e4a] output={null}]]]>
              </value>
            </param>
          </params>
          <reporter-output>
          </reporter-output>
        </test-method> <!-- getResult -->
        <test-method is-config="true" signature="afterTest()[pri:0, instance:tests.BookStoreLoginTest@51684e4a]" started-at="2021-07-25T04:27:56Z" name="afterTest" finished-at="2021-07-25T04:27:57Z" duration-ms="1742" status="PASS">
          <reporter-output>
          </reporter-output>
        </test-method> <!-- afterTest -->
        <test-method is-config="true" signature="tearDown()[pri:0, instance:tests.BookStoreLoginTest@51684e4a]" started-at="2021-07-25T04:27:57Z" name="tearDown" finished-at="2021-07-25T04:27:58Z" duration-ms="934" status="PASS">
          <reporter-output>
          </reporter-output>
        </test-method> <!-- tearDown -->
      </class> <!-- tests.BookStoreLoginTest -->
      <class name="tests.AddAndDeleteBookFromCollectionTest">
        <test-method signature="addBook()[pri:2, instance:tests.AddAndDeleteBookFromCollectionTest@6ce1f601]" started-at="2021-07-25T04:27:43Z" name="addBook" finished-at="2021-07-25T04:27:52Z" duration-ms="8879" status="FAIL">
          <exception class="org.openqa.selenium.InvalidArgumentException">
            <message>
              <![CDATA[invalid argument: No dialog is showing
  (Session info: chrome=92.0.4515.107)
Build info: version: '3.13.0', revision: '2f0d292', time: '2018-06-25T15:24:21.231Z'
System info: host: 'DESKTOP-9SGE8AP', ip: '192.168.43.198', os.name: 'Windows 10', os.arch: 'amd64', os.version: '10.0', java.version: '15.0.1'
Driver info: org.openqa.selenium.chrome.ChromeDriver
Capabilities {acceptInsecureCerts: false, browserName: chrome, browserVersion: 92.0.4515.107, chrome: {chromedriverVersion: 92.0.4515.43 (8c61b7e2989f2..., userDataDir: C:\Users\Lenovo\AppData\Loc...}, goog:chromeOptions: {debuggerAddress: localhost:54770}, javascriptEnabled: true, networkConnectionEnabled: false, pageLoadStrategy: normal, platform: WINDOWS, platformName: WINDOWS, proxy: Proxy(), setWindowRect: true, strictFileInteractability: false, timeouts: {implicit: 0, pageLoad: 300000, script: 30000}, unhandledPromptBehavior: dismiss and notify, webauthn:extension:credBlob: true, webauthn:extension:largeBlob: true, webauthn:virtualAuthenticators: true}
Session ID: 911d31f24217c2da805d451082ba203d]]>
            </message>
            <full-stacktrace>
              <![CDATA[org.openqa.selenium.InvalidArgumentException: invalid argument: No dialog is showing
  (Session info: chrome=92.0.4515.107)
Build info: version: '3.13.0', revision: '2f0d292', time: '2018-06-25T15:24:21.231Z'
System info: host: 'DESKTOP-9SGE8AP', ip: '192.168.43.198', os.name: 'Windows 10', os.arch: 'amd64', os.version: '10.0', java.version: '15.0.1'
Driver info: org.openqa.selenium.chrome.ChromeDriver
Capabilities {acceptInsecureCerts: false, browserName: chrome, browserVersion: 92.0.4515.107, chrome: {chromedriverVersion: 92.0.4515.43 (8c61b7e2989f2..., userDataDir: C:\Users\Lenovo\AppData\Loc...}, goog:chromeOptions: {debuggerAddress: localhost:54770}, javascriptEnabled: true, networkConnectionEnabled: false, pageLoadStrategy: normal, platform: WINDOWS, platformName: WINDOWS, proxy: Proxy(), setWindowRect: true, strictFileInteractability: false, timeouts: {implicit: 0, pageLoad: 300000, script: 30000}, unhandledPromptBehavior: dismiss and notify, webauthn:extension:credBlob: true, webauthn:extension:largeBlob: true, webauthn:virtualAuthenticators: true}
Session ID: 911d31f24217c2da805d451082ba203d
at java.base/jdk.internal.reflect.NativeConstructorAccessorImpl.newInstance0(Native Method)
at java.base/jdk.internal.reflect.NativeConstructorAccessorImpl.newInstance(NativeConstructorAccessorImpl.java:64)
at java.base/jdk.internal.reflect.DelegatingConstructorAccessorImpl.newInstance(DelegatingConstructorAccessorImpl.java:45)
at java.base/java.lang.reflect.Constructor.newInstanceWithCaller(Constructor.java:500)
at java.base/java.lang.reflect.Constructor.newInstance(Constructor.java:481)
at org.openqa.selenium.remote.http.W3CHttpResponseCodec.createException(W3CHttpResponseCodec.java:187)
at org.openqa.selenium.remote.http.W3CHttpResponseCodec.decode(W3CHttpResponseCodec.java:122)
at org.openqa.selenium.remote.http.W3CHttpResponseCodec.decode(W3CHttpResponseCodec.java:49)
at org.openqa.selenium.remote.HttpCommandExecutor.execute(HttpCommandExecutor.java:158)
at org.openqa.selenium.remote.service.DriverCommandExecutor.execute(DriverCommandExecutor.java:83)
at org.openqa.selenium.remote.RemoteWebDriver.execute(RemoteWebDriver.java:548)
at org.openqa.selenium.remote.RemoteWebDriver.execute(RemoteWebDriver.java:605)
at org.openqa.selenium.remote.RemoteWebDriver$RemoteAlert.accept(RemoteWebDriver.java:943)
at tests.AddAndDeleteBookFromCollectionTest.addBook(AddAndDeleteBookFromCollectionTest.java:63)
at java.base/jdk.internal.reflect.NativeMethodAccessorImpl.invoke0(Native Method)
at java.base/jdk.internal.reflect.NativeMethodAccessorImpl.invoke(NativeMethodAccessorImpl.java:64)
at java.base/jdk.internal.reflect.DelegatingMethodAccessorImpl.invoke(DelegatingMethodAccessorImpl.java:43)
at java.base/java.lang.reflect.Method.invoke(Method.java:564)
at org.testng.internal.MethodInvocationHelper.invokeMethod(MethodInvocationHelper.java:124)
at org.testng.internal.Invoker.invokeMethod(Invoker.java:583)
at org.testng.internal.Invoker.invokeTestMethod(Invoker.java:719)
at org.testng.internal.Invoker.invokeTestMethods(Invoker.java:989)
at org.testng.internal.TestMethodWorker.invokeTestMethods(TestMethodWorker.java:125)
at org.testng.internal.TestMethodWorker.run(TestMethodWorker.java:109)
at java.base/java.util.concurrent.ThreadPoolExecutor.runWorker(ThreadPoolExecutor.java:1130)
at java.base/java.util.concurrent.ThreadPoolExecutor$Worker.run(ThreadPoolExecutor.java:630)
at java.base/java.lang.Thread.run(Thread.java:832)
]]>
            </full-stacktrace>
          </exception> <!-- org.openqa.selenium.InvalidArgumentException -->
          <reporter-output>
          </reporter-output>
        </test-method> <!-- addBook -->
        <test-method is-config="true" signature="getResult(org.testng.ITestResult)[pri:0, instance:tests.AddAndDeleteBookFromCollectionTest@6ce1f601]" started-at="2021-07-25T04:27:52Z" name="getResult" finished-at="2021-07-25T04:27:55Z" duration-ms="2212" status="PASS">
          <params>
            <param index="0">
              <value>
                <![CDATA[[TestResult name=addBook status=FAILURE method=AddAndDeleteBookFromCollectionTest.addBook()[pri:2, instance:tests.AddAndDeleteBookFromCollectionTest@6ce1f601] output={null}]]]>
              </value>
            </param>
          </params>
          <reporter-output>
          </reporter-output>
        </test-method> <!-- getResult -->
        <test-method signature="deleteBookFromProfile()[pri:3, instance:tests.AddAndDeleteBookFromCollectionTest@6ce1f601]" started-at="2021-07-25T04:27:55Z" name="deleteBookFromProfile" finished-at="2021-07-25T04:27:56Z" duration-ms="1003" status="PASS">
          <reporter-output>
          </reporter-output>
        </test-method> <!-- deleteBookFromProfile -->
        <test-method is-config="true" signature="getResult(org.testng.ITestResult)[pri:0, instance:tests.AddAndDeleteBookFromCollectionTest@6ce1f601]" started-at="2021-07-25T04:27:56Z" name="getResult" finished-at="2021-07-25T04:27:56Z" duration-ms="2" status="PASS">
          <params>
            <param index="0">
              <value>
                <![CDATA[[TestResult name=deleteBookFromProfile status=SUCCESS method=AddAndDeleteBookFromCollectionTest.deleteBookFromProfile()[pri:3, instance:tests.AddAndDeleteBookFromCollectionTest@6ce1f601] output={null}]]]>
              </value>
            </param>
          </params>
          <reporter-output>
          </reporter-output>
        </test-method> <!-- getResult -->
      </class> <!-- tests.AddAndDeleteBookFromCollectionTest -->
    </test> <!-- RegressionTest -->
  </suite> <!-- Suite -->
</testng-results>
