<?xml version="1.0" encoding="UTF-8"?>
<testng-results ignored="4" total="8" passed="4" failed="0" skipped="0">
  <reporter-output>
  </reporter-output>
  <suite started-at="2021-07-17T18:33:46Z" name="Suite" finished-at="2021-07-17T18:34:55Z" duration-ms="69125">
    <groups>
    </groups>
    <test started-at="2021-07-17T18:33:46Z" name="ToolsQATest" finished-at="2021-07-17T18:34:55Z" duration-ms="69125">
      <class name="com.toolsqa.automation.tests.AccessLoginPageTest">
        <test-method is-config="true" signature="setup()[pri:0, instance:com.toolsqa.automation.tests.AccessLoginPageTest@30c31dd7]" started-at="2021-07-17T18:33:46Z" name="setup" finished-at="2021-07-17T18:33:46Z" duration-ms="237" status="PASS">
          <reporter-output>
          </reporter-output>
        </test-method> <!-- setup -->
        <test-method is-config="true" signature="beforeTest(java.lang.String)[pri:0, instance:com.toolsqa.automation.tests.AccessLoginPageTest@30c31dd7]" started-at="2021-07-17T18:33:46Z" name="beforeTest" finished-at="2021-07-17T18:34:04Z" duration-ms="17803" status="PASS">
          <params>
            <param index="0">
              <value>
                <![CDATA[chrome]]>
              </value>
            </param>
          </params>
          <reporter-output>
          </reporter-output>
        </test-method> <!-- beforeTest -->
        <test-method signature="goToBookStoreAppLoginPage()[pri:1, instance:com.toolsqa.automation.tests.AccessLoginPageTest@30c31dd7]" started-at="2021-07-17T18:34:04Z" name="goToBookStoreAppLoginPage" finished-at="2021-07-17T18:34:22Z" duration-ms="18484" status="PASS">
          <reporter-output>
          </reporter-output>
        </test-method> <!-- goToBookStoreAppLoginPage -->
        <test-method is-config="true" signature="getResult(org.testng.ITestResult)[pri:0, instance:com.toolsqa.automation.tests.AccessLoginPageTest@30c31dd7]" started-at="2021-07-17T18:34:22Z" name="getResult" finished-at="2021-07-17T18:34:22Z" duration-ms="41" status="PASS">
          <params>
            <param index="0">
              <value>
                <![CDATA[[TestResult name=goToBookStoreAppLoginPage status=SUCCESS method=AccessLoginPageTest.goToBookStoreAppLoginPage()[pri:1, instance:com.toolsqa.automation.tests.AccessLoginPageTest@30c31dd7] output={null}]]]>
              </value>
            </param>
          </params>
          <reporter-output>
          </reporter-output>
        </test-method> <!-- getResult -->
        <test-method signature="loginToBookStoreApplication()[pri:2, instance:com.toolsqa.automation.tests.AccessLoginPageTest@30c31dd7]" started-at="2021-07-17T18:34:22Z" name="loginToBookStoreApplication" finished-at="2021-07-17T18:34:27Z" duration-ms="4192" status="PASS">
          <reporter-output>
          </reporter-output>
        </test-method> <!-- loginToBookStoreApplication -->
        <test-method is-config="true" signature="getResult(org.testng.ITestResult)[pri:0, instance:com.toolsqa.automation.tests.AccessLoginPageTest@30c31dd7]" started-at="2021-07-17T18:34:27Z" name="getResult" finished-at="2021-07-17T18:34:27Z" duration-ms="2" status="PASS">
          <params>
            <param index="0">
              <value>
                <![CDATA[[TestResult name=loginToBookStoreApplication status=SUCCESS method=AccessLoginPageTest.loginToBookStoreApplication()[pri:2, instance:com.toolsqa.automation.tests.AccessLoginPageTest@30c31dd7] output={null}]]]>
              </value>
            </param>
          </params>
          <reporter-output>
          </reporter-output>
        </test-method> <!-- getResult -->
        <test-method is-config="true" signature="afterTest()[pri:0, instance:com.toolsqa.automation.tests.AccessLoginPageTest@30c31dd7]" started-at="2021-07-17T18:34:54Z" name="afterTest" finished-at="2021-07-17T18:34:55Z" duration-ms="1679" status="PASS">
          <reporter-output>
          </reporter-output>
        </test-method> <!-- afterTest -->
        <test-method is-config="true" signature="tearDown()[pri:0, instance:com.toolsqa.automation.tests.AccessLoginPageTest@30c31dd7]" started-at="2021-07-17T18:34:55Z" name="tearDown" finished-at="2021-07-17T18:34:56Z" duration-ms="959" status="PASS">
          <reporter-output>
          </reporter-output>
        </test-method> <!-- tearDown -->
      </class> <!-- com.toolsqa.automation.tests.AccessLoginPageTest -->
      <class name="com.toolsqa.automation.tests.AddAndDeleteBookFromCollectionTest">
        <test-method signature="addBook()[pri:3, instance:com.toolsqa.automation.tests.AddAndDeleteBookFromCollectionTest@499b2a5c]" started-at="2021-07-17T18:34:27Z" name="addBook" finished-at="2021-07-17T18:34:49Z" duration-ms="22240" status="PASS">
          <reporter-output>
          </reporter-output>
        </test-method> <!-- addBook -->
        <test-method is-config="true" signature="getResult(org.testng.ITestResult)[pri:0, instance:com.toolsqa.automation.tests.AddAndDeleteBookFromCollectionTest@499b2a5c]" started-at="2021-07-17T18:34:49Z" name="getResult" finished-at="2021-07-17T18:34:49Z" duration-ms="1" status="PASS">
          <params>
            <param index="0">
              <value>
                <![CDATA[[TestResult name=addBook status=SUCCESS method=AddAndDeleteBookFromCollectionTest.addBook()[pri:3, instance:com.toolsqa.automation.tests.AddAndDeleteBookFromCollectionTest@499b2a5c] output={null}]]]>
              </value>
            </param>
          </params>
          <reporter-output>
          </reporter-output>
        </test-method> <!-- getResult -->
        <test-method signature="deleteBookFromProfile()[pri:4, instance:com.toolsqa.automation.tests.AddAndDeleteBookFromCollectionTest@499b2a5c]" started-at="2021-07-17T18:34:49Z" name="deleteBookFromProfile" finished-at="2021-07-17T18:34:54Z" duration-ms="4637" status="PASS">
          <reporter-output>
          </reporter-output>
        </test-method> <!-- deleteBookFromProfile -->
        <test-method is-config="true" signature="getResult(org.testng.ITestResult)[pri:0, instance:com.toolsqa.automation.tests.AddAndDeleteBookFromCollectionTest@499b2a5c]" started-at="2021-07-17T18:34:54Z" name="getResult" finished-at="2021-07-17T18:34:54Z" duration-ms="1" status="PASS">
          <params>
            <param index="0">
              <value>
                <![CDATA[[TestResult name=deleteBookFromProfile status=SUCCESS method=AddAndDeleteBookFromCollectionTest.deleteBookFromProfile()[pri:4, instance:com.toolsqa.automation.tests.AddAndDeleteBookFromCollectionTest@499b2a5c] output={null}]]]>
              </value>
            </param>
          </params>
          <reporter-output>
          </reporter-output>
        </test-method> <!-- getResult -->
      </class> <!-- com.toolsqa.automation.tests.AddAndDeleteBookFromCollectionTest -->
    </test> <!-- ToolsQATest -->
  </suite> <!-- Suite -->
</testng-results>
