<?xml version="1.0" encoding="UTF-8"?>
<testng-results ignored="10" total="16" passed="6" failed="0" skipped="0">
  <reporter-output>
  </reporter-output>
  <suite started-at="2021-08-07T03:57:54Z" name="ToolsQA Test Automation Smoke Test" finished-at="2021-08-07T03:58:52Z" duration-ms="57715">
    <groups>
      <group name="smoke">
        <method signature="CheckBoxTest.getToCheckBoxPage()[pri:0, instance:tests.CheckBoxTest@71cf1b07]" name="getToCheckBoxPage" class="tests.CheckBoxTest"/>
        <method signature="TextBoxTest.getTextBoxPage()[pri:0, instance:tests.TextBoxTest@1d131e1b]" name="getTextBoxPage" class="tests.TextBoxTest"/>
      </group> <!-- smoke -->
    </groups>
    <test started-at="2021-08-07T03:57:54Z" name="SmokeTest" finished-at="2021-08-07T03:58:52Z" duration-ms="57715">
      <class name="tests.WebTablesTest">
        <test-method signature="getWebTablesRecords()[pri:0, instance:tests.WebTablesTest@4fce136b]" started-at="2021-08-07T03:58:26Z" name="getWebTablesRecords" finished-at="2021-08-07T03:58:34Z" duration-ms="7681" status="PASS">
          <reporter-output>
          </reporter-output>
        </test-method> <!-- getWebTablesRecords -->
      </class> <!-- tests.WebTablesTest -->
      <class name="tests.ButtonsTest">
        <test-method signature="actionsOnButtons()[pri:0, instance:tests.ButtonsTest@4aa83f4f]" started-at="2021-08-07T03:58:34Z" name="actionsOnButtons" finished-at="2021-08-07T03:58:38Z" duration-ms="4250" status="PASS">
          <reporter-output>
          </reporter-output>
        </test-method> <!-- actionsOnButtons -->
      </class> <!-- tests.ButtonsTest -->
      <class name="tests.TextBoxTest">
        <test-method is-config="true" signature="beforeTest(java.lang.String)[pri:0, instance:tests.TextBoxTest@1d131e1b]" started-at="2021-08-07T03:57:55Z" name="beforeTest" finished-at="2021-08-07T03:58:02Z" duration-ms="6910" status="PASS">
          <params>
            <param index="0">
              <value>
                <![CDATA[chrome]]>
              </value>
            </param>
          </params>
          <reporter-output>
          </reporter-output>
        </test-method> <!-- beforeTest -->
        <test-method signature="getTextBoxPage()[pri:0, instance:tests.TextBoxTest@1d131e1b]" started-at="2021-08-07T03:58:02Z" name="getTextBoxPage" finished-at="2021-08-07T03:58:12Z" duration-ms="10559" status="PASS">
          <reporter-output>
          </reporter-output>
        </test-method> <!-- getTextBoxPage -->
        <test-method is-config="true" signature="afterTest()[pri:0, instance:tests.TextBoxTest@1d131e1b]" started-at="2021-08-07T03:58:46Z" name="afterTest" finished-at="2021-08-07T03:58:52Z" duration-ms="6098" status="PASS">
          <reporter-output>
          </reporter-output>
        </test-method> <!-- afterTest -->
      </class> <!-- tests.TextBoxTest -->
      <class name="tests.CheckBoxTest">
        <test-method signature="getToCheckBoxPage()[pri:0, instance:tests.CheckBoxTest@71cf1b07]" started-at="2021-08-07T03:58:12Z" name="getToCheckBoxPage" finished-at="2021-08-07T03:58:20Z" duration-ms="7207" status="PASS">
          <reporter-output>
          </reporter-output>
        </test-method> <!-- getToCheckBoxPage -->
      </class> <!-- tests.CheckBoxTest -->
      <class name="tests.RadioButtonTest">
        <test-method signature="selectRadioButtons()[pri:0, instance:tests.RadioButtonTest@615091b8]" started-at="2021-08-07T03:58:20Z" name="selectRadioButtons" finished-at="2021-08-07T03:58:26Z" duration-ms="6926" status="PASS">
          <reporter-output>
          </reporter-output>
        </test-method> <!-- selectRadioButtons -->
      </class> <!-- tests.RadioButtonTest -->
      <class name="tests.LinksTest">
        <test-method signature="verifyLinks()[pri:0, instance:tests.LinksTest@43b6123e]" started-at="2021-08-07T03:58:38Z" name="verifyLinks" finished-at="2021-08-07T03:58:46Z" duration-ms="7248" status="PASS">
          <reporter-output>
          </reporter-output>
        </test-method> <!-- verifyLinks -->
      </class> <!-- tests.LinksTest -->
    </test> <!-- SmokeTest -->
  </suite> <!-- ToolsQA Test Automation Smoke Test -->
</testng-results>
