<?xml version="1.0" encoding="UTF-8"?>
<testng-results ignored="12" total="19" passed="7" failed="0" skipped="0">
  <reporter-output>
  </reporter-output>
  <suite started-at="2021-09-07T05:55:17Z" name="ToolsQA Test Automation Smoke Test" finished-at="2021-09-07T05:57:38Z" duration-ms="140891">
    <groups>
      <group name="smoke">
        <method signature="CheckBoxTest.verifyCheckBoxes()[pri:0, instance:tests.CheckBoxTest@3a1dd365]" name="verifyCheckBoxes" class="tests.CheckBoxTest"/>
        <method signature="LinksTest.verifyLinks()[pri:0, instance:tests.LinksTest@52d239ba]" name="verifyLinks" class="tests.LinksTest"/>
        <method signature="TextBoxTest.verifyTextBoxes()[pri:0, instance:tests.TextBoxTest@6b7906b3]" name="verifyTextBoxes" class="tests.TextBoxTest"/>
        <method signature="WebTablesTest.verifyWebTableRecords()[pri:0, instance:tests.WebTablesTest@256f8274]" name="verifyWebTableRecords" class="tests.WebTablesTest"/>
      </group> <!-- smoke -->
    </groups>
    <test started-at="2021-09-07T05:55:17Z" name="SmokeTest" finished-at="2021-09-07T05:57:38Z" duration-ms="140891">
      <class name="tests.WebTablesTest">
        <test-method signature="verifyWebTableRecords()[pri:0, instance:tests.WebTablesTest@256f8274]" started-at="2021-09-07T05:57:11Z" name="verifyWebTableRecords" finished-at="2021-09-07T05:57:14Z" duration-ms="3028" status="PASS">
          <reporter-output>
          </reporter-output>
        </test-method> <!-- verifyWebTableRecords -->
      </class> <!-- tests.WebTablesTest -->
      <class name="tests.ButtonsTest">
        <test-method signature="verifyButtons()[pri:0, instance:tests.ButtonsTest@68044f4]" started-at="2021-09-07T05:57:14Z" name="verifyButtons" finished-at="2021-09-07T05:57:19Z" duration-ms="5037" status="PASS">
          <reporter-output>
          </reporter-output>
        </test-method> <!-- verifyButtons -->
      </class> <!-- tests.ButtonsTest -->
      <class name="tests.TextBoxTest">
        <test-method is-config="true" signature="beforeTest(java.lang.String)[pri:0, instance:tests.TextBoxTest@6b7906b3]" started-at="2021-09-07T05:55:18Z" name="beforeTest" finished-at="2021-09-07T05:56:04Z" duration-ms="46084" status="PASS">
          <params>
            <param index="0">
              <value>
                <![CDATA[chrome]]>
              </value>
            </param>
          </params>
          <reporter-output>
          </reporter-output>
        </test-method> <!-- beforeTest -->
        <test-method signature="verifyTextBoxes()[pri:0, instance:tests.TextBoxTest@6b7906b3]" started-at="2021-09-07T05:56:04Z" name="verifyTextBoxes" finished-at="2021-09-07T05:56:48Z" duration-ms="43932" status="PASS">
          <reporter-output>
          </reporter-output>
        </test-method> <!-- verifyTextBoxes -->
        <test-method is-config="true" signature="afterTest()[pri:0, instance:tests.TextBoxTest@6b7906b3]" started-at="2021-09-07T05:57:37Z" name="afterTest" finished-at="2021-09-07T05:57:38Z" duration-ms="1574" status="PASS">
          <reporter-output>
          </reporter-output>
        </test-method> <!-- afterTest -->
      </class> <!-- tests.TextBoxTest -->
      <class name="tests.CheckBoxTest">
        <test-method signature="verifyCheckBoxes()[pri:0, instance:tests.CheckBoxTest@3a1dd365]" started-at="2021-09-07T05:56:48Z" name="verifyCheckBoxes" finished-at="2021-09-07T05:57:08Z" duration-ms="20385" status="PASS">
          <reporter-output>
          </reporter-output>
        </test-method> <!-- verifyCheckBoxes -->
      </class> <!-- tests.CheckBoxTest -->
      <class name="tests.RadioButtonTest">
        <test-method signature="verifyRadioButtons()[pri:0, instance:tests.RadioButtonTest@395b56bb]" started-at="2021-09-07T05:57:08Z" name="verifyRadioButtons" finished-at="2021-09-07T05:57:11Z" duration-ms="2620" status="PASS">
          <reporter-output>
          </reporter-output>
        </test-method> <!-- verifyRadioButtons -->
      </class> <!-- tests.RadioButtonTest -->
      <class name="tests.LinksTest">
        <test-method signature="verifyLinks()[pri:0, instance:tests.LinksTest@52d239ba]" started-at="2021-09-07T05:57:19Z" name="verifyLinks" finished-at="2021-09-07T05:57:26Z" duration-ms="6840" status="PASS">
          <reporter-output>
          </reporter-output>
        </test-method> <!-- verifyLinks -->
      </class> <!-- tests.LinksTest -->
      <class name="tests.BrokenLinksImagesTest">
        <test-method signature="verifyBrokenLinksAndImages()[pri:0, instance:tests.BrokenLinksImagesTest@315f43d5]" started-at="2021-09-07T05:57:26Z" name="verifyBrokenLinksAndImages" finished-at="2021-09-07T05:57:37Z" duration-ms="10745" status="PASS">
          <reporter-output>
          </reporter-output>
        </test-method> <!-- verifyBrokenLinksAndImages -->
      </class> <!-- tests.BrokenLinksImagesTest -->
    </test> <!-- SmokeTest -->
  </suite> <!-- ToolsQA Test Automation Smoke Test -->
</testng-results>
