<?xml version="1.0" encoding="UTF-8"?>
<testng-results ignored="4" total="10" passed="6" failed="0" skipped="0">
  <reporter-output>
  </reporter-output>
  <suite started-at="2021-08-08T15:22:31Z" name="ToolsQA Test Automation Regression Test" finished-at="2021-08-08T15:24:16Z" duration-ms="104822">
    <groups>
      <group name="Regression">
        <method signature="AddAndDeleteBookFromCollectionTest.addBook()[pri:2, instance:tests.AddAndDeleteBookFromCollectionTest@158a3b2e]" name="addBook" class="tests.AddAndDeleteBookFromCollectionTest"/>
        <method signature="AddAndDeleteBookFromCollectionTest.deleteBookFromProfile()[pri:3, instance:tests.AddAndDeleteBookFromCollectionTest@158a3b2e]" name="deleteBookFromProfile" class="tests.AddAndDeleteBookFromCollectionTest"/>
        <method signature="BookStoreLoginTest.goToBookStoreAppLoginPage()[pri:1, instance:tests.BookStoreLoginTest@64ba3208]" name="goToBookStoreAppLoginPage" class="tests.BookStoreLoginTest"/>
      </group> <!-- Regression -->
    </groups>
    <test started-at="2021-08-08T15:22:31Z" name="RegressionTest" finished-at="2021-08-08T15:24:16Z" duration-ms="104822">
      <class name="tests.BookStoreLoginTest">
        <test-method is-config="true" signature="beforeTest(java.lang.String)[pri:0, instance:tests.BookStoreLoginTest@64ba3208]" started-at="2021-08-08T15:22:32Z" name="beforeTest" finished-at="2021-08-08T15:23:05Z" duration-ms="33320" status="PASS">
          <params>
            <param index="0">
              <value>
                <![CDATA[chrome]]>
              </value>
            </param>
          </params>
          <reporter-output>
          </reporter-output>
        </test-method> <!-- beforeTest -->
        <test-method signature="goToBookStoreAppLoginPage()[pri:1, instance:tests.BookStoreLoginTest@64ba3208]" started-at="2021-08-08T15:23:38Z" name="goToBookStoreAppLoginPage" finished-at="2021-08-08T15:23:43Z" duration-ms="5128" status="PASS">
          <reporter-output>
          </reporter-output>
        </test-method> <!-- goToBookStoreAppLoginPage -->
        <test-method is-config="true" signature="afterTest()[pri:0, instance:tests.BookStoreLoginTest@64ba3208]" started-at="2021-08-08T15:24:07Z" name="afterTest" finished-at="2021-08-08T15:24:16Z" duration-ms="8260" status="PASS">
          <reporter-output>
          </reporter-output>
        </test-method> <!-- afterTest -->
      </class> <!-- tests.BookStoreLoginTest -->
      <class name="tests.AddAndDeleteBookFromCollectionTest">
        <test-method signature="addBook()[pri:2, instance:tests.AddAndDeleteBookFromCollectionTest@158a3b2e]" started-at="2021-08-08T15:23:43Z" name="addBook" finished-at="2021-08-08T15:24:06Z" duration-ms="22728" status="PASS">
          <reporter-output>
          </reporter-output>
        </test-method> <!-- addBook -->
        <test-method signature="deleteBookFromProfile()[pri:3, instance:tests.AddAndDeleteBookFromCollectionTest@158a3b2e]" started-at="2021-08-08T15:24:06Z" name="deleteBookFromProfile" finished-at="2021-08-08T15:24:07Z" duration-ms="1368" status="PASS">
          <reporter-output>
          </reporter-output>
        </test-method> <!-- deleteBookFromProfile -->
      </class> <!-- tests.AddAndDeleteBookFromCollectionTest -->
      <class name="tests.VerifyLoginTest">
        <test-method signature="verifyLoginWithMultipleUsers(java.lang.String, java.lang.String, java.lang.String)[pri:0, instance:tests.VerifyLoginTest@25a6944c]" started-at="2021-08-08T15:23:05Z" name="verifyLoginWithMultipleUsers" data-provider="logindata-fromcsv" finished-at="2021-08-08T15:23:21Z" duration-ms="15723" status="PASS">
          <params>
            <param index="0">
              <value>
                <![CDATA[joybutta]]>
              </value>
            </param>
            <param index="1">
              <value>
                <![CDATA[Joybutta@123]]>
              </value>
            </param>
            <param index="2">
              <value>
                <![CDATA[true]]>
              </value>
            </param>
          </params>
          <reporter-output>
          </reporter-output>
        </test-method> <!-- verifyLoginWithMultipleUsers -->
        <test-method signature="verifyLoginWithMultipleUsers(java.lang.String, java.lang.String, java.lang.String)[pri:0, instance:tests.VerifyLoginTest@25a6944c]" started-at="2021-08-08T15:23:21Z" name="verifyLoginWithMultipleUsers" data-provider="logindata-fromcsv" finished-at="2021-08-08T15:23:32Z" duration-ms="11002" status="PASS">
          <params>
            <param index="0">
              <value>
                <![CDATA[sam]]>
              </value>
            </param>
            <param index="1">
              <value>
                <![CDATA[Sam@123]]>
              </value>
            </param>
            <param index="2">
              <value>
                <![CDATA[false]]>
              </value>
            </param>
          </params>
          <reporter-output>
          </reporter-output>
        </test-method> <!-- verifyLoginWithMultipleUsers -->
        <test-method signature="verifyLoginWithMultipleUsers(java.lang.String, java.lang.String, java.lang.String)[pri:0, instance:tests.VerifyLoginTest@25a6944c]" started-at="2021-08-08T15:23:32Z" name="verifyLoginWithMultipleUsers" data-provider="logindata-fromcsv" finished-at="2021-08-08T15:23:38Z" duration-ms="5975" status="PASS">
          <params>
            <param index="0">
              <value>
                <![CDATA[ritu]]>
              </value>
            </param>
            <param index="1">
              <value>
                <![CDATA[Ritu@123]]>
              </value>
            </param>
            <param index="2">
              <value>
                <![CDATA[true]]>
              </value>
            </param>
          </params>
          <reporter-output>
          </reporter-output>
        </test-method> <!-- verifyLoginWithMultipleUsers -->
      </class> <!-- tests.VerifyLoginTest -->
    </test> <!-- RegressionTest -->
  </suite> <!-- ToolsQA Test Automation Regression Test -->
</testng-results>
