<?xml version="1.0" encoding="UTF-8"?>
<testng-results ignored="0" total="1" passed="1" failed="0" skipped="0">
  <reporter-output>
  </reporter-output>
  <suite started-at="2021-07-10T18:20:36Z" name="Suite" finished-at="2021-07-10T18:20:54Z" duration-ms="18170">
    <groups>
    </groups>
    <test started-at="2021-07-10T18:20:36Z" name="ToolsQAAutomationTest" finished-at="2021-07-10T18:20:54Z" duration-ms="18170">
      <class name="com.toolsqa.automation.tests.AccessLoginPageTest">
        <test-method is-config="true" signature="setup()[pri:0, instance:com.toolsqa.automation.tests.AccessLoginPageTest@5b7a8434]" started-at="2021-07-10T18:20:35Z" name="setup" finished-at="2021-07-10T18:20:36Z" duration-ms="431" status="PASS">
          <reporter-output>
          </reporter-output>
        </test-method> <!-- setup -->
        <test-method is-config="true" signature="beforeTest(java.lang.String)[pri:0, instance:com.toolsqa.automation.tests.AccessLoginPageTest@5b7a8434]" started-at="2021-07-10T18:20:36Z" name="beforeTest" finished-at="2021-07-10T18:20:44Z" duration-ms="8865" status="PASS">
          <params>
            <param index="0">
              <value>
                <![CDATA[chrome]]>
              </value>
            </param>
          </params>
          <reporter-output>
          </reporter-output>
        </test-method> <!-- beforeTest -->
        <test-method signature="goBookStoreAppLoginPage()[pri:0, instance:com.toolsqa.automation.tests.AccessLoginPageTest@5b7a8434]" started-at="2021-07-10T18:20:44Z" name="goBookStoreAppLoginPage" finished-at="2021-07-10T18:20:53Z" duration-ms="8638" status="PASS">
          <reporter-output>
          </reporter-output>
        </test-method> <!-- goBookStoreAppLoginPage -->
        <test-method is-config="true" signature="getResult(org.testng.ITestResult)[pri:0, instance:com.toolsqa.automation.tests.AccessLoginPageTest@5b7a8434]" started-at="2021-07-10T18:20:53Z" name="getResult" finished-at="2021-07-10T18:20:53Z" duration-ms="17" status="PASS">
          <params>
            <param index="0">
              <value>
                <![CDATA[[TestResult name=goBookStoreAppLoginPage status=SUCCESS method=AccessLoginPageTest.goBookStoreAppLoginPage()[pri:0, instance:com.toolsqa.automation.tests.AccessLoginPageTest@5b7a8434] output={null}]]]>
              </value>
            </param>
          </params>
          <reporter-output>
          </reporter-output>
        </test-method> <!-- getResult -->
        <test-method is-config="true" signature="afterTest()[pri:0, instance:com.toolsqa.automation.tests.AccessLoginPageTest@5b7a8434]" started-at="2021-07-10T18:20:53Z" name="afterTest" finished-at="2021-07-10T18:20:54Z" duration-ms="619" status="PASS">
          <reporter-output>
          </reporter-output>
        </test-method> <!-- afterTest -->
        <test-method is-config="true" signature="tearDown()[pri:0, instance:com.toolsqa.automation.tests.AccessLoginPageTest@5b7a8434]" started-at="2021-07-10T18:20:54Z" name="tearDown" finished-at="2021-07-10T18:20:54Z" duration-ms="544" status="PASS">
          <reporter-output>
          </reporter-output>
        </test-method> <!-- tearDown -->
      </class> <!-- com.toolsqa.automation.tests.AccessLoginPageTest -->
    </test> <!-- ToolsQAAutomationTest -->
  </suite> <!-- Suite -->
</testng-results>
