<?xml version="1.0" encoding="UTF-8"?>
<testng-results ignored="12" total="19" passed="6" failed="1" skipped="0">
  <reporter-output>
  </reporter-output>
  <suite started-at="2021-08-10T11:54:04Z" name="ToolsQA Test Automation Smoke Test" finished-at="2021-08-10T11:56:25Z" duration-ms="141133">
    <groups>
      <group name="smoke">
        <method signature="CheckBoxTest.getToCheckBoxPage()[pri:0, instance:tests.CheckBoxTest@4fce136b]" name="getToCheckBoxPage" class="tests.CheckBoxTest"/>
        <method signature="LinksTest.verifyLinks()[pri:0, instance:tests.LinksTest@19648c40]" name="verifyLinks" class="tests.LinksTest"/>
        <method signature="TextBoxTest.getTextBoxPage()[pri:0, instance:tests.TextBoxTest@615091b8]" name="getTextBoxPage" class="tests.TextBoxTest"/>
        <method signature="WebTablesTest.getWebTablesRecords()[pri:0, instance:tests.WebTablesTest@43b6123e]" name="getWebTablesRecords" class="tests.WebTablesTest"/>
      </group> <!-- smoke -->
    </groups>
    <test started-at="2021-08-10T11:54:04Z" name="SmokeTest" finished-at="2021-08-10T11:56:25Z" duration-ms="141133">
      <class name="tests.WebTablesTest">
        <test-method signature="getWebTablesRecords()[pri:0, instance:tests.WebTablesTest@43b6123e]" started-at="2021-08-10T11:55:54Z" name="getWebTablesRecords" finished-at="2021-08-10T11:55:59Z" duration-ms="4593" status="PASS">
          <reporter-output>
          </reporter-output>
        </test-method> <!-- getWebTablesRecords -->
      </class> <!-- tests.WebTablesTest -->
      <class name="tests.ButtonsTest">
        <test-method signature="actionsOnButtons()[pri:0, instance:tests.ButtonsTest@260e86a1]" started-at="2021-08-10T11:55:59Z" name="actionsOnButtons" finished-at="2021-08-10T11:56:04Z" duration-ms="4985" status="PASS">
          <reporter-output>
          </reporter-output>
        </test-method> <!-- actionsOnButtons -->
      </class> <!-- tests.ButtonsTest -->
      <class name="tests.TextBoxTest">
        <test-method is-config="true" signature="beforeTest(java.lang.String)[pri:0, instance:tests.TextBoxTest@615091b8]" started-at="2021-08-10T11:54:05Z" name="beforeTest" finished-at="2021-08-10T11:54:22Z" duration-ms="16663" status="PASS">
          <params>
            <param index="0">
              <value>
                <![CDATA[chrome]]>
              </value>
            </param>
          </params>
          <reporter-output>
          </reporter-output>
        </test-method> <!-- beforeTest -->
        <test-method signature="getTextBoxPage()[pri:0, instance:tests.TextBoxTest@615091b8]" started-at="2021-08-10T11:54:22Z" name="getTextBoxPage" finished-at="2021-08-10T11:54:58Z" duration-ms="35603" status="FAIL">
          <exception class="org.openqa.selenium.TimeoutException">
            <message>
              <![CDATA[timeout: Timed out receiving message from renderer: 24.319
  (Session info: chrome=93.0.4577.25)
Build info: version: '3.13.0', revision: '2f0d292', time: '2018-06-25T15:24:21.231Z'
System info: host: 'DESKTOP-9SGE8AP', ip: '192.168.0.104', os.name: 'Windows 10', os.arch: 'amd64', os.version: '10.0', java.version: '15.0.1'
Driver info: org.openqa.selenium.chrome.ChromeDriver
Capabilities {acceptInsecureCerts: false, browserName: chrome, browserVersion: 93.0.4577.25, chrome: {chromedriverVersion: 93.0.4577.15 (660fc11082ba5..., userDataDir: C:\Users\Lenovo\AppData\Loc...}, goog:chromeOptions: {debuggerAddress: localhost:60336}, javascriptEnabled: true, networkConnectionEnabled: false, pageLoadStrategy: normal, platform: WINDOWS, platformName: WINDOWS, proxy: Proxy(), setWindowRect: true, strictFileInteractability: false, timeouts: {implicit: 0, pageLoad: 300000, script: 30000}, unhandledPromptBehavior: dismiss and notify, webauthn:extension:credBlob: true, webauthn:extension:largeBlob: true, webauthn:virtualAuthenticators: true}
Session ID: 694b5237464eddba1345f94f29cbb29f]]>
            </message>
            <full-stacktrace>
              <![CDATA[org.openqa.selenium.TimeoutException: timeout: Timed out receiving message from renderer: 24.319
  (Session info: chrome=93.0.4577.25)
Build info: version: '3.13.0', revision: '2f0d292', time: '2018-06-25T15:24:21.231Z'
System info: host: 'DESKTOP-9SGE8AP', ip: '192.168.0.104', os.name: 'Windows 10', os.arch: 'amd64', os.version: '10.0', java.version: '15.0.1'
Driver info: org.openqa.selenium.chrome.ChromeDriver
Capabilities {acceptInsecureCerts: false, browserName: chrome, browserVersion: 93.0.4577.25, chrome: {chromedriverVersion: 93.0.4577.15 (660fc11082ba5..., userDataDir: C:\Users\Lenovo\AppData\Loc...}, goog:chromeOptions: {debuggerAddress: localhost:60336}, javascriptEnabled: true, networkConnectionEnabled: false, pageLoadStrategy: normal, platform: WINDOWS, platformName: WINDOWS, proxy: Proxy(), setWindowRect: true, strictFileInteractability: false, timeouts: {implicit: 0, pageLoad: 300000, script: 30000}, unhandledPromptBehavior: dismiss and notify, webauthn:extension:credBlob: true, webauthn:extension:largeBlob: true, webauthn:virtualAuthenticators: true}
Session ID: 694b5237464eddba1345f94f29cbb29f
at java.base/jdk.internal.reflect.NativeConstructorAccessorImpl.newInstance0(Native Method)
at java.base/jdk.internal.reflect.NativeConstructorAccessorImpl.newInstance(NativeConstructorAccessorImpl.java:64)
at java.base/jdk.internal.reflect.DelegatingConstructorAccessorImpl.newInstance(DelegatingConstructorAccessorImpl.java:45)
at java.base/java.lang.reflect.Constructor.newInstanceWithCaller(Constructor.java:500)
at java.base/java.lang.reflect.Constructor.newInstance(Constructor.java:481)
at org.openqa.selenium.remote.http.W3CHttpResponseCodec.createException(W3CHttpResponseCodec.java:187)
at org.openqa.selenium.remote.http.W3CHttpResponseCodec.decode(W3CHttpResponseCodec.java:122)
at org.openqa.selenium.remote.http.W3CHttpResponseCodec.decode(W3CHttpResponseCodec.java:49)
at org.openqa.selenium.remote.HttpCommandExecutor.execute(HttpCommandExecutor.java:158)
at org.openqa.selenium.remote.service.DriverCommandExecutor.execute(DriverCommandExecutor.java:83)
at org.openqa.selenium.remote.RemoteWebDriver.execute(RemoteWebDriver.java:548)
at org.openqa.selenium.remote.RemoteWebDriver.get(RemoteWebDriver.java:276)
at pageObjects.HomePageObjects.<init>(HomePageObjects.java:21)
at tests.TextBoxTest.getTextBoxPage(TextBoxTest.java:27)
at java.base/jdk.internal.reflect.NativeMethodAccessorImpl.invoke0(Native Method)
at java.base/jdk.internal.reflect.NativeMethodAccessorImpl.invoke(NativeMethodAccessorImpl.java:64)
at java.base/jdk.internal.reflect.DelegatingMethodAccessorImpl.invoke(DelegatingMethodAccessorImpl.java:43)
at java.base/java.lang.reflect.Method.invoke(Method.java:564)
at org.testng.internal.MethodInvocationHelper.invokeMethod(MethodInvocationHelper.java:124)
at org.testng.internal.Invoker.invokeMethod(Invoker.java:583)
at org.testng.internal.Invoker.invokeTestMethod(Invoker.java:719)
at org.testng.internal.Invoker.invokeTestMethods(Invoker.java:989)
at org.testng.internal.TestMethodWorker.invokeTestMethods(TestMethodWorker.java:125)
at org.testng.internal.TestMethodWorker.run(TestMethodWorker.java:109)
at org.testng.TestRunner.privateRun(TestRunner.java:648)
at org.testng.TestRunner.run(TestRunner.java:505)
at org.testng.SuiteRunner.runTest(SuiteRunner.java:455)
at org.testng.SuiteRunner.runSequentially(SuiteRunner.java:450)
at org.testng.SuiteRunner.privateRun(SuiteRunner.java:415)
at org.testng.SuiteRunner.run(SuiteRunner.java:364)
at org.testng.SuiteRunnerWorker.runSuite(SuiteRunnerWorker.java:52)
at org.testng.SuiteRunnerWorker.run(SuiteRunnerWorker.java:84)
at org.testng.TestNG.runSuitesSequentially(TestNG.java:1208)
at org.testng.TestNG.runSuitesLocally(TestNG.java:1137)
at org.testng.TestNG.runSuites(TestNG.java:1049)
at org.testng.TestNG.run(TestNG.java:1017)
at org.testng.remote.AbstractRemoteTestNG.run(AbstractRemoteTestNG.java:115)
at org.testng.remote.RemoteTestNG.initAndRun(RemoteTestNG.java:251)
at org.testng.remote.RemoteTestNG.main(RemoteTestNG.java:77)
]]>
            </full-stacktrace>
          </exception> <!-- org.openqa.selenium.TimeoutException -->
          <reporter-output>
          </reporter-output>
        </test-method> <!-- getTextBoxPage -->
        <test-method is-config="true" signature="afterTest()[pri:0, instance:tests.TextBoxTest@615091b8]" started-at="2021-08-10T11:56:25Z" name="afterTest" finished-at="2021-08-10T11:56:25Z" duration-ms="253" status="PASS">
          <reporter-output>
          </reporter-output>
        </test-method> <!-- afterTest -->
      </class> <!-- tests.TextBoxTest -->
      <class name="tests.CheckBoxTest">
        <test-method signature="getToCheckBoxPage()[pri:0, instance:tests.CheckBoxTest@4fce136b]" started-at="2021-08-10T11:55:08Z" name="getToCheckBoxPage" finished-at="2021-08-10T11:55:50Z" duration-ms="42280" status="PASS">
          <reporter-output>
          </reporter-output>
        </test-method> <!-- getToCheckBoxPage -->
      </class> <!-- tests.CheckBoxTest -->
      <class name="tests.RadioButtonTest">
        <test-method signature="selectRadioButtons()[pri:0, instance:tests.RadioButtonTest@4aa83f4f]" started-at="2021-08-10T11:55:50Z" name="selectRadioButtons" finished-at="2021-08-10T11:55:54Z" duration-ms="3922" status="PASS">
          <reporter-output>
          </reporter-output>
        </test-method> <!-- selectRadioButtons -->
      </class> <!-- tests.RadioButtonTest -->
      <class name="tests.LinksTest">
        <test-method signature="verifyLinks()[pri:0, instance:tests.LinksTest@19648c40]" started-at="2021-08-10T11:56:04Z" name="verifyLinks" finished-at="2021-08-10T11:56:12Z" duration-ms="8530" status="PASS">
          <reporter-output>
          </reporter-output>
        </test-method> <!-- verifyLinks -->
      </class> <!-- tests.LinksTest -->
      <class name="tests.BrokenLinksImagesTest">
        <test-method signature="verifyBrokenImages()[pri:0, instance:tests.BrokenLinksImagesTest@12bd8a64]" started-at="2021-08-10T11:56:12Z" name="verifyBrokenImages" finished-at="2021-08-10T11:56:25Z" duration-ms="12266" status="PASS">
          <reporter-output>
          </reporter-output>
        </test-method> <!-- verifyBrokenImages -->
      </class> <!-- tests.BrokenLinksImagesTest -->
    </test> <!-- SmokeTest -->
  </suite> <!-- ToolsQA Test Automation Smoke Test -->
</testng-results>
