<?xml version="1.0" encoding="UTF-8"?>
<testng-results ignored="8" total="13" passed="5" failed="0" skipped="0">
  <reporter-output>
  </reporter-output>
  <suite started-at="2021-07-24T18:28:10Z" name="Suite" finished-at="2021-07-24T18:29:40Z" duration-ms="89583">
    <groups>
      <group name="smoke">
        <method signature="CheckBoxTest.getToCheckBoxPage()[pri:0, instance:tests.CheckBoxTest@5bd1ceca]" name="getToCheckBoxPage" class="tests.CheckBoxTest"/>
        <method signature="TextBoxTest.getTextBoxPage()[pri:0, instance:tests.TextBoxTest@6c4f9535]" name="getTextBoxPage" class="tests.TextBoxTest"/>
      </group> <!-- smoke -->
    </groups>
    <test started-at="2021-07-24T18:28:10Z" name="SmokeTest" finished-at="2021-07-24T18:28:50Z" duration-ms="39246">
      <class name="tests.TextBoxTest">
        <test-method is-config="true" signature="beforeTest(java.lang.String)[pri:0, instance:tests.TextBoxTest@6c4f9535]" started-at="2021-07-24T18:28:10Z" name="beforeTest" finished-at="2021-07-24T18:28:17Z" duration-ms="6156" status="PASS">
          <params>
            <param index="0">
              <value>
                <![CDATA[chrome]]>
              </value>
            </param>
          </params>
          <reporter-output>
          </reporter-output>
        </test-method> <!-- beforeTest -->
        <test-method signature="getTextBoxPage()[pri:0, instance:tests.TextBoxTest@6c4f9535]" started-at="2021-07-24T18:28:17Z" name="getTextBoxPage" finished-at="2021-07-24T18:28:42Z" duration-ms="25056" status="PASS">
          <reporter-output>
          </reporter-output>
        </test-method> <!-- getTextBoxPage -->
        <test-method is-config="true" signature="getResult(org.testng.ITestResult)[pri:0, instance:tests.TextBoxTest@6c4f9535]" started-at="2021-07-24T18:28:42Z" name="getResult" finished-at="2021-07-24T18:28:42Z" duration-ms="38" status="PASS">
          <params>
            <param index="0">
              <value>
                <![CDATA[[TestResult name=getTextBoxPage status=SUCCESS method=TextBoxTest.getTextBoxPage()[pri:0, instance:tests.TextBoxTest@6c4f9535] output={null}]]]>
              </value>
            </param>
          </params>
          <reporter-output>
          </reporter-output>
        </test-method> <!-- getResult -->
        <test-method is-config="true" signature="afterTest()[pri:0, instance:tests.TextBoxTest@6c4f9535]" started-at="2021-07-24T18:28:49Z" name="afterTest" finished-at="2021-07-24T18:28:50Z" duration-ms="1018" status="PASS">
          <reporter-output>
          </reporter-output>
        </test-method> <!-- afterTest -->
      </class> <!-- tests.TextBoxTest -->
      <class name="tests.CheckBoxTest">
        <test-method signature="getToCheckBoxPage()[pri:0, instance:tests.CheckBoxTest@5bd1ceca]" started-at="2021-07-24T18:28:42Z" name="getToCheckBoxPage" finished-at="2021-07-24T18:28:49Z" duration-ms="6929" status="PASS">
          <reporter-output>
          </reporter-output>
        </test-method> <!-- getToCheckBoxPage -->
        <test-method is-config="true" signature="getResult(org.testng.ITestResult)[pri:0, instance:tests.CheckBoxTest@5bd1ceca]" started-at="2021-07-24T18:28:49Z" name="getResult" finished-at="2021-07-24T18:28:49Z" duration-ms="4" status="PASS">
          <params>
            <param index="0">
              <value>
                <![CDATA[[TestResult name=getToCheckBoxPage status=SUCCESS method=CheckBoxTest.getToCheckBoxPage()[pri:0, instance:tests.CheckBoxTest@5bd1ceca] output={null}]]]>
              </value>
            </param>
          </params>
          <reporter-output>
          </reporter-output>
        </test-method> <!-- getResult -->
      </class> <!-- tests.CheckBoxTest -->
    </test> <!-- SmokeTest -->
    <test started-at="2021-07-24T18:28:50Z" name="RegressionTest" finished-at="2021-07-24T18:29:40Z" duration-ms="50189">
      <class name="tests.BookStoreLoginTest">
        <test-method is-config="true" signature="setup()[pri:0, instance:tests.BookStoreLoginTest@51684e4a]" started-at="2021-07-24T18:28:10Z" name="setup" finished-at="2021-07-24T18:28:10Z" duration-ms="256" status="PASS">
          <reporter-output>
          </reporter-output>
        </test-method> <!-- setup -->
        <test-method is-config="true" signature="beforeTest(java.lang.String)[pri:0, instance:tests.BookStoreLoginTest@51684e4a]" started-at="2021-07-24T18:28:50Z" name="beforeTest" finished-at="2021-07-24T18:28:55Z" duration-ms="5141" status="PASS">
          <params>
            <param index="0">
              <value>
                <![CDATA[chrome]]>
              </value>
            </param>
          </params>
          <reporter-output>
          </reporter-output>
        </test-method> <!-- beforeTest -->
        <test-method signature="goToBookStoreAppLoginPage()[pri:1, instance:tests.BookStoreLoginTest@51684e4a]" started-at="2021-07-24T18:28:55Z" name="goToBookStoreAppLoginPage" finished-at="2021-07-24T18:29:16Z" duration-ms="21463" status="PASS">
          <reporter-output>
          </reporter-output>
        </test-method> <!-- goToBookStoreAppLoginPage -->
        <test-method is-config="true" signature="getResult(org.testng.ITestResult)[pri:0, instance:tests.BookStoreLoginTest@51684e4a]" started-at="2021-07-24T18:29:16Z" name="getResult" finished-at="2021-07-24T18:29:16Z" duration-ms="1" status="PASS">
          <params>
            <param index="0">
              <value>
                <![CDATA[[TestResult name=goToBookStoreAppLoginPage status=SUCCESS method=BookStoreLoginTest.goToBookStoreAppLoginPage()[pri:1, instance:tests.BookStoreLoginTest@51684e4a] output={null}]]]>
              </value>
            </param>
          </params>
          <reporter-output>
          </reporter-output>
        </test-method> <!-- getResult -->
        <test-method is-config="true" signature="afterTest()[pri:0, instance:tests.BookStoreLoginTest@51684e4a]" started-at="2021-07-24T18:29:38Z" name="afterTest" finished-at="2021-07-24T18:29:40Z" duration-ms="1696" status="PASS">
          <reporter-output>
          </reporter-output>
        </test-method> <!-- afterTest -->
        <test-method is-config="true" signature="tearDown()[pri:0, instance:tests.BookStoreLoginTest@51684e4a]" started-at="2021-07-24T18:29:40Z" name="tearDown" finished-at="2021-07-24T18:29:41Z" duration-ms="1337" status="PASS">
          <reporter-output>
          </reporter-output>
        </test-method> <!-- tearDown -->
      </class> <!-- tests.BookStoreLoginTest -->
      <class name="tests.AddAndDeleteBookFromCollectionTest">
        <test-method signature="addBook()[pri:2, instance:tests.AddAndDeleteBookFromCollectionTest@6ce1f601]" started-at="2021-07-24T18:29:16Z" name="addBook" finished-at="2021-07-24T18:29:34Z" duration-ms="17089" status="PASS">
          <reporter-output>
          </reporter-output>
        </test-method> <!-- addBook -->
        <test-method is-config="true" signature="getResult(org.testng.ITestResult)[pri:0, instance:tests.AddAndDeleteBookFromCollectionTest@6ce1f601]" started-at="2021-07-24T18:29:34Z" name="getResult" finished-at="2021-07-24T18:29:34Z" duration-ms="1" status="PASS">
          <params>
            <param index="0">
              <value>
                <![CDATA[[TestResult name=addBook status=SUCCESS method=AddAndDeleteBookFromCollectionTest.addBook()[pri:2, instance:tests.AddAndDeleteBookFromCollectionTest@6ce1f601] output={null}]]]>
              </value>
            </param>
          </params>
          <reporter-output>
          </reporter-output>
        </test-method> <!-- getResult -->
        <test-method signature="deleteBookFromProfile()[pri:3, instance:tests.AddAndDeleteBookFromCollectionTest@6ce1f601]" started-at="2021-07-24T18:29:34Z" name="deleteBookFromProfile" finished-at="2021-07-24T18:29:38Z" duration-ms="4761" status="PASS">
          <reporter-output>
          </reporter-output>
        </test-method> <!-- deleteBookFromProfile -->
        <test-method is-config="true" signature="getResult(org.testng.ITestResult)[pri:0, instance:tests.AddAndDeleteBookFromCollectionTest@6ce1f601]" started-at="2021-07-24T18:29:38Z" name="getResult" finished-at="2021-07-24T18:29:38Z" duration-ms="2" status="PASS">
          <params>
            <param index="0">
              <value>
                <![CDATA[[TestResult name=deleteBookFromProfile status=SUCCESS method=AddAndDeleteBookFromCollectionTest.deleteBookFromProfile()[pri:3, instance:tests.AddAndDeleteBookFromCollectionTest@6ce1f601] output={null}]]]>
              </value>
            </param>
          </params>
          <reporter-output>
          </reporter-output>
        </test-method> <!-- getResult -->
      </class> <!-- tests.AddAndDeleteBookFromCollectionTest -->
    </test> <!-- RegressionTest -->
  </suite> <!-- Suite -->
</testng-results>
