<?xml version="1.0" encoding="UTF-8"?>
<testng-results ignored="0" total="1" passed="1" failed="0" skipped="0">
  <reporter-output>
  </reporter-output>
  <suite started-at="2021-08-03T12:31:38Z" name="Default suite" finished-at="2021-08-03T12:31:57Z" duration-ms="19302">
    <groups>
    </groups>
    <test started-at="2021-08-03T12:31:38Z" name="Default test" finished-at="2021-08-03T12:31:57Z" duration-ms="19302">
      <class name="tests.RadioButtonTest">
        <test-method is-config="true" signature="beforeTest(java.lang.String)[pri:0, instance:tests.RadioButtonTest@15bcf458]" started-at="2021-08-03T12:31:38Z" name="beforeTest" finished-at="2021-08-03T12:31:45Z" duration-ms="6724" status="PASS">
          <params>
            <param index="0">
              <value>
                <![CDATA[chrome]]>
              </value>
            </param>
          </params>
          <reporter-output>
          </reporter-output>
        </test-method> <!-- beforeTest -->
        <test-method signature="selectRadioButtons()[pri:0, instance:tests.RadioButtonTest@15bcf458]" started-at="2021-08-03T12:31:45Z" name="selectRadioButtons" finished-at="2021-08-03T12:31:56Z" duration-ms="11389" status="PASS">
          <reporter-output>
          </reporter-output>
        </test-method> <!-- selectRadioButtons -->
        <test-method is-config="true" signature="afterTest()[pri:0, instance:tests.RadioButtonTest@15bcf458]" started-at="2021-08-03T12:31:56Z" name="afterTest" finished-at="2021-08-03T12:31:57Z" duration-ms="1126" status="PASS">
          <reporter-output>
          </reporter-output>
        </test-method> <!-- afterTest -->
      </class> <!-- tests.RadioButtonTest -->
    </test> <!-- Default test -->
  </suite> <!-- Default suite -->
</testng-results>
