<?xml version="1.0" encoding="UTF-8"?>
<testng-results ignored="4" total="4" passed="0" failed="0" skipped="0">
  <reporter-output>
  </reporter-output>
  <suite started-at="2021-08-20T03:29:45Z" name="ToolsQA Test Automation Regression Test" finished-at="2021-08-20T03:29:57Z" duration-ms="12715">
    <groups>
      <group name="Regression">
        <method signature="AddAndDeleteBookFromCollectionTest.addBook()[pri:2, instance:tests.AddAndDeleteBookFromCollectionTest@54e22bdd]" name="addBook" class="tests.AddAndDeleteBookFromCollectionTest"/>
        <method signature="AddAndDeleteBookFromCollectionTest.deleteBookFromProfile()[pri:3, instance:tests.AddAndDeleteBookFromCollectionTest@54e22bdd]" name="deleteBookFromProfile" class="tests.AddAndDeleteBookFromCollectionTest"/>
        <method signature="BookStoreLoginTest.loginToBookStorePage()[pri:1, instance:tests.BookStoreLoginTest@2f4205be]" name="loginToBookStorePage" class="tests.BookStoreLoginTest"/>
        <method signature="VerifyLoginTest.verifyLoginWithMultipleUsers(java.lang.String, java.lang.String, java.lang.String)[pri:0, instance:tests.VerifyLoginTest@3bd418e4]" name="verifyLoginWithMultipleUsers" class="tests.VerifyLoginTest"/>
      </group> <!-- Regression -->
    </groups>
    <test started-at="2021-08-20T03:29:45Z" name="RegressionTest" finished-at="2021-08-20T03:29:57Z" duration-ms="12715">
      <class name="tests.BookStoreLoginTest">
        <test-method is-config="true" signature="beforeTest(java.lang.String)[pri:0, instance:tests.BookStoreLoginTest@2f4205be]" started-at="2021-08-20T03:29:46Z" name="beforeTest" finished-at="2021-08-20T03:29:57Z" duration-ms="10113" status="FAIL">
          <params>
            <param index="0">
              <value>
                <![CDATA[chrome]]>
              </value>
            </param>
          </params>
          <exception class="org.openqa.selenium.SessionNotCreatedException">
            <message>
              <![CDATA[session not created: This version of ChromeDriver only supports Chrome version 93
Current browser version is 92.0.4515.159 with binary path C:\Program Files\Google\Chrome\Application\chrome.exe
Build info: version: '3.13.0', revision: '2f0d292', time: '2018-06-25T15:24:21.231Z'
System info: host: 'DESKTOP-9SGE8AP', ip: '192.168.0.104', os.name: 'Windows 10', os.arch: 'amd64', os.version: '10.0', java.version: '15.0.1'
Driver info: driver.version: ChromeDriver
remote stacktrace: Backtrace:
Ordinal0 [0x0105A2D3+2663123]
Ordinal0 [0x00FEA491+2204817]
Ordinal0 [0x00ED2118+1057048]
Ordinal0 [0x00EF041A+1180698]
Ordinal0 [0x00EEC335+1164085]
Ordinal0 [0x00EE9B7F+1153919]
Ordinal0 [0x00F19D8F+1351055]
Ordinal0 [0x00F199FA+1350138]
Ordinal0 [0x00F1589B+1333403]
Ordinal0 [0x00EF1F74+1187700]
Ordinal0 [0x00EF2DC9+1191369]
GetHandleVerifier [0x011F30D6+1610054]
GetHandleVerifier [0x0129B53B+2299307]
GetHandleVerifier [0x010E8DA9+519705]
GetHandleVerifier [0x010E7759+513993]
Ordinal0 [0x00FF112D+2232621]
Ordinal0 [0x00FF55F8+2250232]
Ordinal0 [0x00FF5732+2250546]
Ordinal0 [0x00FFE591+2286993]
BaseThreadInitThunk [0x7596FA29+25]
RtlGetAppContainerNamedObjectPath [0x778A7A7E+286]
RtlGetAppContainerNamedObjectPath [0x778A7A4E+238]
]]>
            </message>
            <full-stacktrace>
              <![CDATA[org.openqa.selenium.SessionNotCreatedException: session not created: This version of ChromeDriver only supports Chrome version 93
Current browser version is 92.0.4515.159 with binary path C:\Program Files\Google\Chrome\Application\chrome.exe
Build info: version: '3.13.0', revision: '2f0d292', time: '2018-06-25T15:24:21.231Z'
System info: host: 'DESKTOP-9SGE8AP', ip: '192.168.0.104', os.name: 'Windows 10', os.arch: 'amd64', os.version: '10.0', java.version: '15.0.1'
Driver info: driver.version: ChromeDriver
remote stacktrace: Backtrace:
Ordinal0 [0x0105A2D3+2663123]
Ordinal0 [0x00FEA491+2204817]
Ordinal0 [0x00ED2118+1057048]
Ordinal0 [0x00EF041A+1180698]
Ordinal0 [0x00EEC335+1164085]
Ordinal0 [0x00EE9B7F+1153919]
Ordinal0 [0x00F19D8F+1351055]
Ordinal0 [0x00F199FA+1350138]
Ordinal0 [0x00F1589B+1333403]
Ordinal0 [0x00EF1F74+1187700]
Ordinal0 [0x00EF2DC9+1191369]
GetHandleVerifier [0x011F30D6+1610054]
GetHandleVerifier [0x0129B53B+2299307]
GetHandleVerifier [0x010E8DA9+519705]
GetHandleVerifier [0x010E7759+513993]
Ordinal0 [0x00FF112D+2232621]
Ordinal0 [0x00FF55F8+2250232]
Ordinal0 [0x00FF5732+2250546]
Ordinal0 [0x00FFE591+2286993]
BaseThreadInitThunk [0x7596FA29+25]
RtlGetAppContainerNamedObjectPath [0x778A7A7E+286]
RtlGetAppContainerNamedObjectPath [0x778A7A4E+238]

at java.base/jdk.internal.reflect.NativeConstructorAccessorImpl.newInstance0(Native Method)
at java.base/jdk.internal.reflect.NativeConstructorAccessorImpl.newInstance(NativeConstructorAccessorImpl.java:64)
at java.base/jdk.internal.reflect.DelegatingConstructorAccessorImpl.newInstance(DelegatingConstructorAccessorImpl.java:45)
at java.base/java.lang.reflect.Constructor.newInstanceWithCaller(Constructor.java:500)
at java.base/java.lang.reflect.Constructor.newInstance(Constructor.java:481)
at org.openqa.selenium.remote.W3CHandshakeResponse.lambda$new$0(W3CHandshakeResponse.java:57)
at org.openqa.selenium.remote.W3CHandshakeResponse.lambda$getResponseFunction$2(W3CHandshakeResponse.java:104)
at org.openqa.selenium.remote.ProtocolHandshake.lambda$createSession$0(ProtocolHandshake.java:123)
at java.base/java.util.stream.ReferencePipeline$3$1.accept(ReferencePipeline.java:195)
at java.base/java.util.Spliterators$ArraySpliterator.tryAdvance(Spliterators.java:958)
at java.base/java.util.stream.ReferencePipeline.forEachWithCancel(ReferencePipeline.java:127)
at java.base/java.util.stream.AbstractPipeline.copyIntoWithCancel(AbstractPipeline.java:502)
at java.base/java.util.stream.AbstractPipeline.copyInto(AbstractPipeline.java:488)
at java.base/java.util.stream.AbstractPipeline.wrapAndCopyInto(AbstractPipeline.java:474)
at java.base/java.util.stream.FindOps$FindOp.evaluateSequential(FindOps.java:150)
at java.base/java.util.stream.AbstractPipeline.evaluate(AbstractPipeline.java:234)
at java.base/java.util.stream.ReferencePipeline.findFirst(ReferencePipeline.java:543)
at org.openqa.selenium.remote.ProtocolHandshake.createSession(ProtocolHandshake.java:126)
at org.openqa.selenium.remote.ProtocolHandshake.createSession(ProtocolHandshake.java:73)
at org.openqa.selenium.remote.HttpCommandExecutor.execute(HttpCommandExecutor.java:136)
at org.openqa.selenium.remote.service.DriverCommandExecutor.execute(DriverCommandExecutor.java:83)
at org.openqa.selenium.remote.RemoteWebDriver.execute(RemoteWebDriver.java:548)
at org.openqa.selenium.remote.RemoteWebDriver.startSession(RemoteWebDriver.java:212)
at org.openqa.selenium.remote.RemoteWebDriver.<init>(RemoteWebDriver.java:130)
at org.openqa.selenium.chrome.ChromeDriver.<init>(ChromeDriver.java:181)
at org.openqa.selenium.chrome.ChromeDriver.<init>(ChromeDriver.java:168)
at org.openqa.selenium.chrome.ChromeDriver.<init>(ChromeDriver.java:123)
at base.BaseClass.beforeTest(BaseClass.java:36)
at java.base/jdk.internal.reflect.NativeMethodAccessorImpl.invoke0(Native Method)
at java.base/jdk.internal.reflect.NativeMethodAccessorImpl.invoke(NativeMethodAccessorImpl.java:64)
at java.base/jdk.internal.reflect.DelegatingMethodAccessorImpl.invoke(DelegatingMethodAccessorImpl.java:43)
at java.base/java.lang.reflect.Method.invoke(Method.java:564)
at org.testng.internal.MethodInvocationHelper.invokeMethod(MethodInvocationHelper.java:124)
at org.testng.internal.MethodInvocationHelper.invokeMethodConsideringTimeout(MethodInvocationHelper.java:59)
at org.testng.internal.Invoker.invokeConfigurationMethod(Invoker.java:458)
at org.testng.internal.Invoker.invokeConfigurations(Invoker.java:222)
at org.testng.internal.Invoker.invokeConfigurations(Invoker.java:142)
at org.testng.TestRunner.beforeRun(TestRunner.java:529)
at org.testng.TestRunner.run(TestRunner.java:497)
at org.testng.SuiteRunner.runTest(SuiteRunner.java:455)
at org.testng.SuiteRunner.runSequentially(SuiteRunner.java:450)
at org.testng.SuiteRunner.privateRun(SuiteRunner.java:415)
at org.testng.SuiteRunner.run(SuiteRunner.java:364)
at org.testng.SuiteRunnerWorker.runSuite(SuiteRunnerWorker.java:52)
at org.testng.SuiteRunnerWorker.run(SuiteRunnerWorker.java:84)
at org.testng.TestNG.runSuitesSequentially(TestNG.java:1208)
at org.testng.TestNG.runSuitesLocally(TestNG.java:1137)
at org.testng.TestNG.runSuites(TestNG.java:1049)
at org.testng.TestNG.run(TestNG.java:1017)
at org.testng.remote.AbstractRemoteTestNG.run(AbstractRemoteTestNG.java:115)
at org.testng.remote.RemoteTestNG.initAndRun(RemoteTestNG.java:251)
at org.testng.remote.RemoteTestNG.main(RemoteTestNG.java:77)
]]>
            </full-stacktrace>
          </exception> <!-- org.openqa.selenium.SessionNotCreatedException -->
          <reporter-output>
          </reporter-output>
        </test-method> <!-- beforeTest -->
        <test-method is-config="true" signature="afterTest()[pri:0, instance:tests.BookStoreLoginTest@2f4205be]" started-at="2021-08-20T03:29:57Z" name="afterTest" finished-at="2021-08-20T03:29:57Z" duration-ms="0" status="SKIP">
          <reporter-output>
          </reporter-output>
        </test-method> <!-- afterTest -->
      </class> <!-- tests.BookStoreLoginTest -->
    </test> <!-- RegressionTest -->
  </suite> <!-- ToolsQA Test Automation Regression Test -->
</testng-results>
