<?xml version="1.0" encoding="UTF-8"?>
<testng-results ignored="0" total="1" passed="1" failed="0" skipped="0">
  <reporter-output>
  </reporter-output>
  <suite started-at="2021-07-10T19:32:51Z" name="Suite" finished-at="2021-07-10T19:33:19Z" duration-ms="28145">
    <groups>
    </groups>
    <test started-at="2021-07-10T19:32:51Z" name="Test" finished-at="2021-07-10T19:33:19Z" duration-ms="28145">
      <class name="com.toolsqa.automation.tests.AccessLoginPageTest">
        <test-method is-config="true" signature="setup()[pri:0, instance:com.toolsqa.automation.tests.AccessLoginPageTest@39d9314d]" started-at="2021-07-10T19:32:50Z" name="setup" finished-at="2021-07-10T19:32:51Z" duration-ms="488" status="PASS">
          <reporter-output>
          </reporter-output>
        </test-method> <!-- setup -->
        <test-method is-config="true" signature="beforeTest(java.lang.String)[pri:0, instance:com.toolsqa.automation.tests.AccessLoginPageTest@39d9314d]" started-at="2021-07-10T19:32:51Z" name="beforeTest" finished-at="2021-07-10T19:33:05Z" duration-ms="14400" status="PASS">
          <params>
            <param index="0">
              <value>
                <![CDATA[chrome]]>
              </value>
            </param>
          </params>
          <reporter-output>
          </reporter-output>
        </test-method> <!-- beforeTest -->
        <test-method signature="goBookStoreAppLoginPage()[pri:0, instance:com.toolsqa.automation.tests.AccessLoginPageTest@39d9314d]" started-at="2021-07-10T19:33:05Z" name="goBookStoreAppLoginPage" finished-at="2021-07-10T19:33:18Z" duration-ms="12633" status="PASS">
          <reporter-output>
          </reporter-output>
        </test-method> <!-- goBookStoreAppLoginPage -->
        <test-method is-config="true" signature="getResult(org.testng.ITestResult)[pri:0, instance:com.toolsqa.automation.tests.AccessLoginPageTest@39d9314d]" started-at="2021-07-10T19:33:18Z" name="getResult" finished-at="2021-07-10T19:33:18Z" duration-ms="18" status="PASS">
          <params>
            <param index="0">
              <value>
                <![CDATA[[TestResult name=goBookStoreAppLoginPage status=SUCCESS method=AccessLoginPageTest.goBookStoreAppLoginPage()[pri:0, instance:com.toolsqa.automation.tests.AccessLoginPageTest@39d9314d] output={null}]]]>
              </value>
            </param>
          </params>
          <reporter-output>
          </reporter-output>
        </test-method> <!-- getResult -->
        <test-method is-config="true" signature="afterTest()[pri:0, instance:com.toolsqa.automation.tests.AccessLoginPageTest@39d9314d]" started-at="2021-07-10T19:33:18Z" name="afterTest" finished-at="2021-07-10T19:33:19Z" duration-ms="1025" status="PASS">
          <reporter-output>
          </reporter-output>
        </test-method> <!-- afterTest -->
        <test-method is-config="true" signature="tearDown()[pri:0, instance:com.toolsqa.automation.tests.AccessLoginPageTest@39d9314d]" started-at="2021-07-10T19:33:20Z" name="tearDown" finished-at="2021-07-10T19:33:20Z" duration-ms="936" status="PASS">
          <reporter-output>
          </reporter-output>
        </test-method> <!-- tearDown -->
      </class> <!-- com.toolsqa.automation.tests.AccessLoginPageTest -->
    </test> <!-- Test -->
  </suite> <!-- Suite -->
</testng-results>
