<?xml version="1.0" encoding="UTF-8"?>
<testng-results ignored="8" total="13" passed="5" failed="0" skipped="0">
  <reporter-output>
  </reporter-output>
  <suite started-at="2021-07-19T17:12:31Z" name="Suite" finished-at="2021-07-19T17:13:25Z" duration-ms="54472">
    <groups>
    </groups>
    <test started-at="2021-07-19T17:12:31Z" name="ToolsQAAutomationTest" finished-at="2021-07-19T17:13:25Z" duration-ms="54472">
      <class name="com.toolsqa.automation.tests.ElementsTest">
        <test-method signature="getToElementsPage()[pri:0, instance:com.toolsqa.automation.tests.ElementsTest@241a53ef]" started-at="2021-07-19T17:12:38Z" name="getToElementsPage" finished-at="2021-07-19T17:12:51Z" duration-ms="12778" status="PASS">
          <reporter-output>
          </reporter-output>
        </test-method> <!-- getToElementsPage -->
        <test-method is-config="true" signature="getResult(org.testng.ITestResult)[pri:0, instance:com.toolsqa.automation.tests.ElementsTest@241a53ef]" started-at="2021-07-19T17:12:51Z" name="getResult" finished-at="2021-07-19T17:12:51Z" duration-ms="28" status="PASS">
          <params>
            <param index="0">
              <value>
                <![CDATA[[TestResult name=getToElementsPage status=SUCCESS method=ElementsTest.getToElementsPage()[pri:0, instance:com.toolsqa.automation.tests.ElementsTest@241a53ef] output={null}]]]>
              </value>
            </param>
          </params>
          <reporter-output>
          </reporter-output>
        </test-method> <!-- getResult -->
      </class> <!-- com.toolsqa.automation.tests.ElementsTest -->
      <class name="com.toolsqa.automation.tests.AccessLoginPageTest">
        <test-method signature="goToBookStoreAppLoginPage()[pri:1, instance:com.toolsqa.automation.tests.AccessLoginPageTest@c1fca1e]" started-at="2021-07-19T17:12:51Z" name="goToBookStoreAppLoginPage" finished-at="2021-07-19T17:12:56Z" duration-ms="5335" status="PASS">
          <reporter-output>
          </reporter-output>
        </test-method> <!-- goToBookStoreAppLoginPage -->
        <test-method is-config="true" signature="getResult(org.testng.ITestResult)[pri:0, instance:com.toolsqa.automation.tests.AccessLoginPageTest@c1fca1e]" started-at="2021-07-19T17:12:56Z" name="getResult" finished-at="2021-07-19T17:12:56Z" duration-ms="4" status="PASS">
          <params>
            <param index="0">
              <value>
                <![CDATA[[TestResult name=goToBookStoreAppLoginPage status=SUCCESS method=AccessLoginPageTest.goToBookStoreAppLoginPage()[pri:1, instance:com.toolsqa.automation.tests.AccessLoginPageTest@c1fca1e] output={null}]]]>
              </value>
            </param>
          </params>
          <reporter-output>
          </reporter-output>
        </test-method> <!-- getResult -->
        <test-method signature="loginToBookStoreApplication()[pri:2, instance:com.toolsqa.automation.tests.AccessLoginPageTest@c1fca1e]" started-at="2021-07-19T17:12:56Z" name="loginToBookStoreApplication" finished-at="2021-07-19T17:13:02Z" duration-ms="6210" status="PASS">
          <reporter-output>
          </reporter-output>
        </test-method> <!-- loginToBookStoreApplication -->
        <test-method is-config="true" signature="getResult(org.testng.ITestResult)[pri:0, instance:com.toolsqa.automation.tests.AccessLoginPageTest@c1fca1e]" started-at="2021-07-19T17:13:02Z" name="getResult" finished-at="2021-07-19T17:13:02Z" duration-ms="1" status="PASS">
          <params>
            <param index="0">
              <value>
                <![CDATA[[TestResult name=loginToBookStoreApplication status=SUCCESS method=AccessLoginPageTest.loginToBookStoreApplication()[pri:2, instance:com.toolsqa.automation.tests.AccessLoginPageTest@c1fca1e] output={null}]]]>
              </value>
            </param>
          </params>
          <reporter-output>
          </reporter-output>
        </test-method> <!-- getResult -->
      </class> <!-- com.toolsqa.automation.tests.AccessLoginPageTest -->
      <class name="com.toolsqa.automation.tests.AddAndDeleteBookFromCollectionTest">
        <test-method is-config="true" signature="setup()[pri:0, instance:com.toolsqa.automation.tests.AddAndDeleteBookFromCollectionTest@596df867]" started-at="2021-07-19T17:12:30Z" name="setup" finished-at="2021-07-19T17:12:31Z" duration-ms="204" status="PASS">
          <reporter-output>
          </reporter-output>
        </test-method> <!-- setup -->
        <test-method is-config="true" signature="beforeTest(java.lang.String)[pri:0, instance:com.toolsqa.automation.tests.AddAndDeleteBookFromCollectionTest@596df867]" started-at="2021-07-19T17:12:31Z" name="beforeTest" finished-at="2021-07-19T17:12:38Z" duration-ms="7379" status="PASS">
          <params>
            <param index="0">
              <value>
                <![CDATA[chrome]]>
              </value>
            </param>
          </params>
          <reporter-output>
          </reporter-output>
        </test-method> <!-- beforeTest -->
        <test-method signature="addBook()[pri:3, instance:com.toolsqa.automation.tests.AddAndDeleteBookFromCollectionTest@596df867]" started-at="2021-07-19T17:13:02Z" name="addBook" finished-at="2021-07-19T17:13:18Z" duration-ms="15356" status="PASS">
          <reporter-output>
          </reporter-output>
        </test-method> <!-- addBook -->
        <test-method is-config="true" signature="getResult(org.testng.ITestResult)[pri:0, instance:com.toolsqa.automation.tests.AddAndDeleteBookFromCollectionTest@596df867]" started-at="2021-07-19T17:13:18Z" name="getResult" finished-at="2021-07-19T17:13:18Z" duration-ms="1" status="PASS">
          <params>
            <param index="0">
              <value>
                <![CDATA[[TestResult name=addBook status=SUCCESS method=AddAndDeleteBookFromCollectionTest.addBook()[pri:3, instance:com.toolsqa.automation.tests.AddAndDeleteBookFromCollectionTest@596df867] output={null}]]]>
              </value>
            </param>
          </params>
          <reporter-output>
          </reporter-output>
        </test-method> <!-- getResult -->
        <test-method signature="deleteBookFromProfile()[pri:4, instance:com.toolsqa.automation.tests.AddAndDeleteBookFromCollectionTest@596df867]" started-at="2021-07-19T17:13:18Z" name="deleteBookFromProfile" finished-at="2021-07-19T17:13:22Z" duration-ms="4520" status="PASS">
          <reporter-output>
          </reporter-output>
        </test-method> <!-- deleteBookFromProfile -->
        <test-method is-config="true" signature="getResult(org.testng.ITestResult)[pri:0, instance:com.toolsqa.automation.tests.AddAndDeleteBookFromCollectionTest@596df867]" started-at="2021-07-19T17:13:22Z" name="getResult" finished-at="2021-07-19T17:13:22Z" duration-ms="1" status="PASS">
          <params>
            <param index="0">
              <value>
                <![CDATA[[TestResult name=deleteBookFromProfile status=SUCCESS method=AddAndDeleteBookFromCollectionTest.deleteBookFromProfile()[pri:4, instance:com.toolsqa.automation.tests.AddAndDeleteBookFromCollectionTest@596df867] output={null}]]]>
              </value>
            </param>
          </params>
          <reporter-output>
          </reporter-output>
        </test-method> <!-- getResult -->
        <test-method is-config="true" signature="afterTest()[pri:0, instance:com.toolsqa.automation.tests.AddAndDeleteBookFromCollectionTest@596df867]" started-at="2021-07-19T17:13:22Z" name="afterTest" finished-at="2021-07-19T17:13:25Z" duration-ms="2796" status="PASS">
          <reporter-output>
          </reporter-output>
        </test-method> <!-- afterTest -->
        <test-method is-config="true" signature="tearDown()[pri:0, instance:com.toolsqa.automation.tests.AddAndDeleteBookFromCollectionTest@596df867]" started-at="2021-07-19T17:13:25Z" name="tearDown" finished-at="2021-07-19T17:13:26Z" duration-ms="804" status="PASS">
          <reporter-output>
          </reporter-output>
        </test-method> <!-- tearDown -->
      </class> <!-- com.toolsqa.automation.tests.AddAndDeleteBookFromCollectionTest -->
    </test> <!-- ToolsQAAutomationTest -->
  </suite> <!-- Suite -->
</testng-results>
